running egg_info
creating ../../build/py_pubsub/py_pubsub.egg-info
writing ../../build/py_pubsub/py_pubsub.egg-info/PKG-INFO
writing dependency_links to ../../build/py_pubsub/py_pubsub.egg-info/dependency_links.txt
writing entry points to ../../build/py_pubsub/py_pubsub.egg-info/entry_points.txt
writing requirements to ../../build/py_pubsub/py_pubsub.egg-info/requires.txt
writing top-level names to ../../build/py_pubsub/py_pubsub.egg-info/top_level.txt
writing manifest file '../../build/py_pubsub/py_pubsub.egg-info/SOURCES.txt'
reading manifest file '../../build/py_pubsub/py_pubsub.egg-info/SOURCES.txt'
writing manifest file '../../build/py_pubsub/py_pubsub.egg-info/SOURCES.txt'
running build
running build_py
creating /home/ros2/Ros2Projects/oom_ws/build/py_pubsub/build
creating /home/ros2/Ros2Projects/oom_ws/build/py_pubsub/build/lib
creating /home/ros2/Ros2Projects/oom_ws/build/py_pubsub/build/lib/py_pubsub
copying py_pubsub/minimal_publisher.py -> /home/ros2/Ros2Projects/oom_ws/build/py_pubsub/build/lib/py_pubsub
copying py_pubsub/__init__.py -> /home/ros2/Ros2Projects/oom_ws/build/py_pubsub/build/lib/py_pubsub
copying py_pubsub/minimal_subscriber.py -> /home/ros2/Ros2Projects/oom_ws/build/py_pubsub/build/lib/py_pubsub
running install
running install_lib
creating /home/ros2/Ros2Projects/oom_ws/install/py_pubsub/lib/python3.8/site-packages/py_pubsub
copying /home/ros2/Ros2Projects/oom_ws/build/py_pubsub/build/lib/py_pubsub/minimal_publisher.py -> /home/ros2/Ros2Projects/oom_ws/install/py_pubsub/lib/python3.8/site-packages/py_pubsub
copying /home/ros2/Ros2Projects/oom_ws/build/py_pubsub/build/lib/py_pubsub/__init__.py -> /home/ros2/Ros2Projects/oom_ws/install/py_pubsub/lib/python3.8/site-packages/py_pubsub
copying /home/ros2/Ros2Projects/oom_ws/build/py_pubsub/build/lib/py_pubsub/minimal_subscriber.py -> /home/ros2/Ros2Projects/oom_ws/install/py_pubsub/lib/python3.8/site-packages/py_pubsub
byte-compiling /home/ros2/Ros2Projects/oom_ws/install/py_pubsub/lib/python3.8/site-packages/py_pubsub/minimal_publisher.py to minimal_publisher.cpython-38.pyc
byte-compiling /home/ros2/Ros2Projects/oom_ws/install/py_pubsub/lib/python3.8/site-packages/py_pubsub/__init__.py to __init__.cpython-38.pyc
byte-compiling /home/ros2/Ros2Projects/oom_ws/install/py_pubsub/lib/python3.8/site-packages/py_pubsub/minimal_subscriber.py to minimal_subscriber.cpython-38.pyc
running install_data
creating /home/ros2/Ros2Projects/oom_ws/install/py_pubsub/share/ament_index
creating /home/ros2/Ros2Projects/oom_ws/install/py_pubsub/share/ament_index/resource_index
creating /home/ros2/Ros2Projects/oom_ws/install/py_pubsub/share/ament_index/resource_index/packages
copying resource/py_pubsub -> /home/ros2/Ros2Projects/oom_ws/install/py_pubsub/share/ament_index/resource_index/packages
copying package.xml -> /home/ros2/Ros2Projects/oom_ws/install/py_pubsub/share/py_pubsub
running install_egg_info
Copying ../../build/py_pubsub/py_pubsub.egg-info to /home/ros2/Ros2Projects/oom_ws/install/py_pubsub/lib/python3.8/site-packages/py_pubsub-0.0.0-py3.8.egg-info
running install_scripts
Installing listener script to /home/ros2/Ros2Projects/oom_ws/install/py_pubsub/lib/py_pubsub
Installing talker script to /home/ros2/Ros2Projects/oom_ws/install/py_pubsub/lib/py_pubsub
writing list of installed files to '/home/ros2/Ros2Projects/oom_ws/build/py_pubsub/install.log'
