[0.425s] Invoking command in '/home/ros2/Ros2Projects/oom_ws/src/py_pubsub': PYTHONPATH=/home/ros2/Ros2Projects/oom_ws/install/py_pubsub/lib/python3.8/site-packages:${PYTHONPATH} /usr/bin/python3 setup.py egg_info --egg-base ../../build/py_pubsub build --build-base /home/ros2/Ros2Projects/oom_ws/build/py_pubsub/build install --prefix /home/ros2/Ros2Projects/oom_ws/install/py_pubsub --record /home/ros2/Ros2Projects/oom_ws/build/py_pubsub/install.log --single-version-externally-managed
[0.549s] running egg_info
[0.549s] creating ../../build/py_pubsub/py_pubsub.egg-info
[0.550s] writing ../../build/py_pubsub/py_pubsub.egg-info/PKG-INFO
[0.550s] writing dependency_links to ../../build/py_pubsub/py_pubsub.egg-info/dependency_links.txt
[0.550s] writing entry points to ../../build/py_pubsub/py_pubsub.egg-info/entry_points.txt
[0.550s] writing requirements to ../../build/py_pubsub/py_pubsub.egg-info/requires.txt
[0.550s] writing top-level names to ../../build/py_pubsub/py_pubsub.egg-info/top_level.txt
[0.552s] writing manifest file '../../build/py_pubsub/py_pubsub.egg-info/SOURCES.txt'
[0.574s] reading manifest file '../../build/py_pubsub/py_pubsub.egg-info/SOURCES.txt'
[0.575s] writing manifest file '../../build/py_pubsub/py_pubsub.egg-info/SOURCES.txt'
[0.575s] running build
[0.575s] running build_py
[0.575s] creating /home/ros2/Ros2Projects/oom_ws/build/py_pubsub/build
[0.575s] creating /home/ros2/Ros2Projects/oom_ws/build/py_pubsub/build/lib
[0.575s] creating /home/ros2/Ros2Projects/oom_ws/build/py_pubsub/build/lib/py_pubsub
[0.576s] copying py_pubsub/minimal_publisher.py -> /home/ros2/Ros2Projects/oom_ws/build/py_pubsub/build/lib/py_pubsub
[0.576s] copying py_pubsub/__init__.py -> /home/ros2/Ros2Projects/oom_ws/build/py_pubsub/build/lib/py_pubsub
[0.576s] copying py_pubsub/minimal_subscriber.py -> /home/ros2/Ros2Projects/oom_ws/build/py_pubsub/build/lib/py_pubsub
[0.576s] running install
[0.576s] running install_lib
[0.577s] creating /home/ros2/Ros2Projects/oom_ws/install/py_pubsub/lib/python3.8/site-packages/py_pubsub
[0.577s] copying /home/ros2/Ros2Projects/oom_ws/build/py_pubsub/build/lib/py_pubsub/minimal_publisher.py -> /home/ros2/Ros2Projects/oom_ws/install/py_pubsub/lib/python3.8/site-packages/py_pubsub
[0.577s] copying /home/ros2/Ros2Projects/oom_ws/build/py_pubsub/build/lib/py_pubsub/__init__.py -> /home/ros2/Ros2Projects/oom_ws/install/py_pubsub/lib/python3.8/site-packages/py_pubsub
[0.577s] copying /home/ros2/Ros2Projects/oom_ws/build/py_pubsub/build/lib/py_pubsub/minimal_subscriber.py -> /home/ros2/Ros2Projects/oom_ws/install/py_pubsub/lib/python3.8/site-packages/py_pubsub
[0.578s] byte-compiling /home/ros2/Ros2Projects/oom_ws/install/py_pubsub/lib/python3.8/site-packages/py_pubsub/minimal_publisher.py to minimal_publisher.cpython-38.pyc
[0.578s] byte-compiling /home/ros2/Ros2Projects/oom_ws/install/py_pubsub/lib/python3.8/site-packages/py_pubsub/__init__.py to __init__.cpython-38.pyc
[0.578s] byte-compiling /home/ros2/Ros2Projects/oom_ws/install/py_pubsub/lib/python3.8/site-packages/py_pubsub/minimal_subscriber.py to minimal_subscriber.cpython-38.pyc
[0.579s] running install_data
[0.579s] creating /home/ros2/Ros2Projects/oom_ws/install/py_pubsub/share/ament_index
[0.579s] creating /home/ros2/Ros2Projects/oom_ws/install/py_pubsub/share/ament_index/resource_index
[0.579s] creating /home/ros2/Ros2Projects/oom_ws/install/py_pubsub/share/ament_index/resource_index/packages
[0.579s] copying resource/py_pubsub -> /home/ros2/Ros2Projects/oom_ws/install/py_pubsub/share/ament_index/resource_index/packages
[0.580s] copying package.xml -> /home/ros2/Ros2Projects/oom_ws/install/py_pubsub/share/py_pubsub
[0.580s] running install_egg_info
[0.580s] Copying ../../build/py_pubsub/py_pubsub.egg-info to /home/ros2/Ros2Projects/oom_ws/install/py_pubsub/lib/python3.8/site-packages/py_pubsub-0.0.0-py3.8.egg-info
[0.581s] running install_scripts
[0.591s] Installing listener script to /home/ros2/Ros2Projects/oom_ws/install/py_pubsub/lib/py_pubsub
[0.591s] Installing talker script to /home/ros2/Ros2Projects/oom_ws/install/py_pubsub/lib/py_pubsub
[0.591s] writing list of installed files to '/home/ros2/Ros2Projects/oom_ws/build/py_pubsub/install.log'
[0.604s] Invoked command in '/home/ros2/Ros2Projects/oom_ws/src/py_pubsub' returned '0': PYTHONPATH=/home/ros2/Ros2Projects/oom_ws/install/py_pubsub/lib/python3.8/site-packages:${PYTHONPATH} /usr/bin/python3 setup.py egg_info --egg-base ../../build/py_pubsub build --build-base /home/ros2/Ros2Projects/oom_ws/build/py_pubsub/build install --prefix /home/ros2/Ros2Projects/oom_ws/install/py_pubsub --record /home/ros2/Ros2Projects/oom_ws/build/py_pubsub/install.log --single-version-externally-managed
