[0.186s] DEBUG:colcon:Command line arguments: ['/bin/colcon', 'build']
[0.186s] DEBUG:colcon:Parsed command line arguments: Namespace(allow_overriding=[], ament_cmake_args=None, base_paths=['.'], build_base='build', catkin_cmake_args=None, catkin_skip_building_tests=False, cmake_args=None, cmake_clean_cache=False, cmake_clean_first=False, cmake_force_configure=False, cmake_target=None, cmake_target_skip_unavailable=False, continue_on_error=False, event_handlers=None, executor='parallel', ignore_user_meta=False, install_base='install', log_base=None, log_level=None, main=<bound method BuildVerb.main of <colcon_core.verb.build.BuildVerb object at 0x7f672cf37730>>, merge_install=False, metas=['./colcon.meta'], packages_above=None, packages_above_and_dependencies=None, packages_above_depth=None, packages_end=None, packages_ignore=None, packages_ignore_regex=None, packages_select=None, packages_select_build_failed=False, packages_select_by_dep=None, packages_select_regex=None, packages_select_test_failures=False, packages_skip=None, packages_skip_build_finished=False, packages_skip_by_dep=None, packages_skip_regex=None, packages_skip_test_passed=False, packages_skip_up_to=None, packages_start=None, packages_up_to=None, packages_up_to_regex=None, parallel_workers=16, paths=None, symlink_install=False, test_result_base=None, verb_extension=<colcon_core.verb.build.BuildVerb object at 0x7f672cf37730>, verb_name='build', verb_parser=<colcon_defaults.argument_parser.defaults.DefaultArgumentsDecorator object at 0x7f672cf37c70>)
[0.220s] Level 1:colcon.colcon_core.package_discovery:discover_packages(colcon_meta) check parameters
[0.220s] Level 1:colcon.colcon_core.package_discovery:discover_packages(recursive) check parameters
[0.220s] Level 1:colcon.colcon_core.package_discovery:discover_packages(ignore) check parameters
[0.220s] Level 1:colcon.colcon_core.package_discovery:discover_packages(path) check parameters
[0.220s] Level 1:colcon.colcon_core.package_discovery:discover_packages(colcon_meta) discover
[0.220s] Level 1:colcon.colcon_core.package_discovery:discover_packages(recursive) discover
[0.220s] INFO:colcon.colcon_core.package_discovery:Crawling recursively for packages in '/home/ros2/Ros2Projects/oom_ws/src'
[0.220s] Level 1:colcon.colcon_core.package_identification:_identify(.) by extensions ['ignore', 'ignore_ament_install']
[0.220s] Level 1:colcon.colcon_core.package_identification:_identify(.) by extension 'ignore'
[0.220s] Level 1:colcon.colcon_core.package_identification:_identify(.) by extension 'ignore_ament_install'
[0.220s] Level 1:colcon.colcon_core.package_identification:_identify(.) by extensions ['colcon_pkg']
[0.220s] Level 1:colcon.colcon_core.package_identification:_identify(.) by extension 'colcon_pkg'
[0.220s] Level 1:colcon.colcon_core.package_identification:_identify(.) by extensions ['colcon_meta']
[0.220s] Level 1:colcon.colcon_core.package_identification:_identify(.) by extension 'colcon_meta'
[0.220s] Level 1:colcon.colcon_core.package_identification:_identify(.) by extensions ['ros']
[0.220s] Level 1:colcon.colcon_core.package_identification:_identify(.) by extension 'ros'
[0.231s] Level 1:colcon.colcon_core.package_identification:_identify(.) by extensions ['cmake', 'python']
[0.231s] Level 1:colcon.colcon_core.package_identification:_identify(.) by extension 'cmake'
[0.231s] Level 1:colcon.colcon_core.package_identification:_identify(.) by extension 'python'
[0.231s] Level 1:colcon.colcon_core.package_identification:_identify(.) by extensions ['python_setup_py']
[0.231s] Level 1:colcon.colcon_core.package_identification:_identify(.) by extension 'python_setup_py'
[0.231s] Level 1:colcon.colcon_core.package_identification:_identify(build) by extensions ['ignore', 'ignore_ament_install']
[0.232s] Level 1:colcon.colcon_core.package_identification:_identify(build) by extension 'ignore'
[0.232s] Level 1:colcon.colcon_core.package_identification:_identify(build) ignored
[0.232s] Level 1:colcon.colcon_core.package_identification:_identify(custom_interface) by extensions ['ignore', 'ignore_ament_install']
[0.232s] Level 1:colcon.colcon_core.package_identification:_identify(custom_interface) by extension 'ignore'
[0.232s] Level 1:colcon.colcon_core.package_identification:_identify(custom_interface) by extension 'ignore_ament_install'
[0.232s] Level 1:colcon.colcon_core.package_identification:_identify(custom_interface) by extensions ['colcon_pkg']
[0.232s] Level 1:colcon.colcon_core.package_identification:_identify(custom_interface) by extension 'colcon_pkg'
[0.232s] Level 1:colcon.colcon_core.package_identification:_identify(custom_interface) by extensions ['colcon_meta']
[0.232s] Level 1:colcon.colcon_core.package_identification:_identify(custom_interface) by extension 'colcon_meta'
[0.232s] Level 1:colcon.colcon_core.package_identification:_identify(custom_interface) by extensions ['ros']
[0.232s] Level 1:colcon.colcon_core.package_identification:_identify(custom_interface) by extension 'ros'
[0.235s] DEBUG:colcon.colcon_core.package_identification:Package 'custom_interface' with type 'ros.ament_cmake' and name 'custom_interface'
[0.235s] Level 1:colcon.colcon_core.package_identification:_identify(install) by extensions ['ignore', 'ignore_ament_install']
[0.235s] Level 1:colcon.colcon_core.package_identification:_identify(install) by extension 'ignore'
[0.235s] Level 1:colcon.colcon_core.package_identification:_identify(install) ignored
[0.235s] Level 1:colcon.colcon_core.package_identification:_identify(log) by extensions ['ignore', 'ignore_ament_install']
[0.235s] Level 1:colcon.colcon_core.package_identification:_identify(log) by extension 'ignore'
[0.235s] Level 1:colcon.colcon_core.package_identification:_identify(log) ignored
[0.235s] Level 1:colcon.colcon_core.package_identification:_identify(py_custom_msg_test) by extensions ['ignore', 'ignore_ament_install']
[0.235s] Level 1:colcon.colcon_core.package_identification:_identify(py_custom_msg_test) by extension 'ignore'
[0.235s] Level 1:colcon.colcon_core.package_identification:_identify(py_custom_msg_test) by extension 'ignore_ament_install'
[0.235s] Level 1:colcon.colcon_core.package_identification:_identify(py_custom_msg_test) by extensions ['colcon_pkg']
[0.235s] Level 1:colcon.colcon_core.package_identification:_identify(py_custom_msg_test) by extension 'colcon_pkg'
[0.236s] Level 1:colcon.colcon_core.package_identification:_identify(py_custom_msg_test) by extensions ['colcon_meta']
[0.236s] Level 1:colcon.colcon_core.package_identification:_identify(py_custom_msg_test) by extension 'colcon_meta'
[0.236s] Level 1:colcon.colcon_core.package_identification:_identify(py_custom_msg_test) by extensions ['ros']
[0.236s] Level 1:colcon.colcon_core.package_identification:_identify(py_custom_msg_test) by extension 'ros'
[0.236s] DEBUG:colcon.colcon_core.package_identification:Package 'py_custom_msg_test' with type 'ros.ament_python' and name 'py_custom_msg_test'
[0.237s] Level 1:colcon.colcon_core.package_identification:_identify(py_pubsub) by extensions ['ignore', 'ignore_ament_install']
[0.237s] Level 1:colcon.colcon_core.package_identification:_identify(py_pubsub) by extension 'ignore'
[0.237s] Level 1:colcon.colcon_core.package_identification:_identify(py_pubsub) by extension 'ignore_ament_install'
[0.237s] Level 1:colcon.colcon_core.package_identification:_identify(py_pubsub) by extensions ['colcon_pkg']
[0.237s] Level 1:colcon.colcon_core.package_identification:_identify(py_pubsub) by extension 'colcon_pkg'
[0.237s] Level 1:colcon.colcon_core.package_identification:_identify(py_pubsub) by extensions ['colcon_meta']
[0.237s] Level 1:colcon.colcon_core.package_identification:_identify(py_pubsub) by extension 'colcon_meta'
[0.237s] Level 1:colcon.colcon_core.package_identification:_identify(py_pubsub) by extensions ['ros']
[0.237s] Level 1:colcon.colcon_core.package_identification:_identify(py_pubsub) by extension 'ros'
[0.237s] DEBUG:colcon.colcon_core.package_identification:Package 'py_pubsub' with type 'ros.ament_python' and name 'py_pubsub'
[0.238s] Level 1:colcon.colcon_core.package_identification:_identify(ros2_term_project) by extensions ['ignore', 'ignore_ament_install']
[0.238s] Level 1:colcon.colcon_core.package_identification:_identify(ros2_term_project) by extension 'ignore'
[0.238s] Level 1:colcon.colcon_core.package_identification:_identify(ros2_term_project) by extension 'ignore_ament_install'
[0.238s] Level 1:colcon.colcon_core.package_identification:_identify(ros2_term_project) by extensions ['colcon_pkg']
[0.238s] Level 1:colcon.colcon_core.package_identification:_identify(ros2_term_project) by extension 'colcon_pkg'
[0.238s] Level 1:colcon.colcon_core.package_identification:_identify(ros2_term_project) by extensions ['colcon_meta']
[0.238s] Level 1:colcon.colcon_core.package_identification:_identify(ros2_term_project) by extension 'colcon_meta'
[0.238s] Level 1:colcon.colcon_core.package_identification:_identify(ros2_term_project) by extensions ['ros']
[0.238s] Level 1:colcon.colcon_core.package_identification:_identify(ros2_term_project) by extension 'ros'
[0.238s] DEBUG:colcon.colcon_core.package_identification:Package 'ros2_term_project' with type 'ros.ament_python' and name 'ros2_term_project'
[0.239s] Level 1:colcon.colcon_core.package_discovery:discover_packages(recursive) using defaults
[0.239s] Level 1:colcon.colcon_core.package_discovery:discover_packages(ignore) discover
[0.239s] Level 1:colcon.colcon_core.package_discovery:discover_packages(ignore) using defaults
[0.239s] Level 1:colcon.colcon_core.package_discovery:discover_packages(path) discover
[0.239s] Level 1:colcon.colcon_core.package_discovery:discover_packages(path) using defaults
[0.260s] Level 1:colcon.colcon_core.package_discovery:discover_packages(prefix_path) check parameters
[0.260s] Level 1:colcon.colcon_core.package_discovery:discover_packages(prefix_path) discover
[0.270s] DEBUG:colcon.colcon_installed_package_information.package_discovery:Found 409 installed packages in /opt/ros/foxy
[0.271s] Level 1:colcon.colcon_core.package_discovery:discover_packages(prefix_path) using defaults
[0.357s] Level 5:colcon.colcon_core.verb:set package 'custom_interface' build argument 'cmake_args' from command line to 'None'
[0.357s] Level 5:colcon.colcon_core.verb:set package 'custom_interface' build argument 'cmake_target' from command line to 'None'
[0.357s] Level 5:colcon.colcon_core.verb:set package 'custom_interface' build argument 'cmake_target_skip_unavailable' from command line to 'False'
[0.357s] Level 5:colcon.colcon_core.verb:set package 'custom_interface' build argument 'cmake_clean_cache' from command line to 'False'
[0.357s] Level 5:colcon.colcon_core.verb:set package 'custom_interface' build argument 'cmake_clean_first' from command line to 'False'
[0.357s] Level 5:colcon.colcon_core.verb:set package 'custom_interface' build argument 'cmake_force_configure' from command line to 'False'
[0.357s] Level 5:colcon.colcon_core.verb:set package 'custom_interface' build argument 'ament_cmake_args' from command line to 'None'
[0.358s] Level 5:colcon.colcon_core.verb:set package 'custom_interface' build argument 'catkin_cmake_args' from command line to 'None'
[0.358s] Level 5:colcon.colcon_core.verb:set package 'custom_interface' build argument 'catkin_skip_building_tests' from command line to 'False'
[0.358s] DEBUG:colcon.colcon_core.verb:Building package 'custom_interface' with the following arguments: {'ament_cmake_args': None, 'build_base': '/home/ros2/Ros2Projects/oom_ws/src/build/custom_interface', 'catkin_cmake_args': None, 'catkin_skip_building_tests': False, 'cmake_args': None, 'cmake_clean_cache': False, 'cmake_clean_first': False, 'cmake_force_configure': False, 'cmake_target': None, 'cmake_target_skip_unavailable': False, 'install_base': '/home/ros2/Ros2Projects/oom_ws/src/install/custom_interface', 'merge_install': False, 'path': '/home/ros2/Ros2Projects/oom_ws/src/custom_interface', 'symlink_install': False, 'test_result_base': None}
[0.358s] Level 5:colcon.colcon_core.verb:set package 'py_pubsub' build argument 'cmake_args' from command line to 'None'
[0.358s] Level 5:colcon.colcon_core.verb:set package 'py_pubsub' build argument 'cmake_target' from command line to 'None'
[0.358s] Level 5:colcon.colcon_core.verb:set package 'py_pubsub' build argument 'cmake_target_skip_unavailable' from command line to 'False'
[0.358s] Level 5:colcon.colcon_core.verb:set package 'py_pubsub' build argument 'cmake_clean_cache' from command line to 'False'
[0.358s] Level 5:colcon.colcon_core.verb:set package 'py_pubsub' build argument 'cmake_clean_first' from command line to 'False'
[0.358s] Level 5:colcon.colcon_core.verb:set package 'py_pubsub' build argument 'cmake_force_configure' from command line to 'False'
[0.358s] Level 5:colcon.colcon_core.verb:set package 'py_pubsub' build argument 'ament_cmake_args' from command line to 'None'
[0.358s] Level 5:colcon.colcon_core.verb:set package 'py_pubsub' build argument 'catkin_cmake_args' from command line to 'None'
[0.358s] Level 5:colcon.colcon_core.verb:set package 'py_pubsub' build argument 'catkin_skip_building_tests' from command line to 'False'
[0.358s] DEBUG:colcon.colcon_core.verb:Building package 'py_pubsub' with the following arguments: {'ament_cmake_args': None, 'build_base': '/home/ros2/Ros2Projects/oom_ws/src/build/py_pubsub', 'catkin_cmake_args': None, 'catkin_skip_building_tests': False, 'cmake_args': None, 'cmake_clean_cache': False, 'cmake_clean_first': False, 'cmake_force_configure': False, 'cmake_target': None, 'cmake_target_skip_unavailable': False, 'install_base': '/home/ros2/Ros2Projects/oom_ws/src/install/py_pubsub', 'merge_install': False, 'path': '/home/ros2/Ros2Projects/oom_ws/src/py_pubsub', 'symlink_install': False, 'test_result_base': None}
[0.359s] Level 5:colcon.colcon_core.verb:set package 'ros2_term_project' build argument 'cmake_args' from command line to 'None'
[0.359s] Level 5:colcon.colcon_core.verb:set package 'ros2_term_project' build argument 'cmake_target' from command line to 'None'
[0.359s] Level 5:colcon.colcon_core.verb:set package 'ros2_term_project' build argument 'cmake_target_skip_unavailable' from command line to 'False'
[0.359s] Level 5:colcon.colcon_core.verb:set package 'ros2_term_project' build argument 'cmake_clean_cache' from command line to 'False'
[0.359s] Level 5:colcon.colcon_core.verb:set package 'ros2_term_project' build argument 'cmake_clean_first' from command line to 'False'
[0.359s] Level 5:colcon.colcon_core.verb:set package 'ros2_term_project' build argument 'cmake_force_configure' from command line to 'False'
[0.359s] Level 5:colcon.colcon_core.verb:set package 'ros2_term_project' build argument 'ament_cmake_args' from command line to 'None'
[0.359s] Level 5:colcon.colcon_core.verb:set package 'ros2_term_project' build argument 'catkin_cmake_args' from command line to 'None'
[0.359s] Level 5:colcon.colcon_core.verb:set package 'ros2_term_project' build argument 'catkin_skip_building_tests' from command line to 'False'
[0.359s] DEBUG:colcon.colcon_core.verb:Building package 'ros2_term_project' with the following arguments: {'ament_cmake_args': None, 'build_base': '/home/ros2/Ros2Projects/oom_ws/src/build/ros2_term_project', 'catkin_cmake_args': None, 'catkin_skip_building_tests': False, 'cmake_args': None, 'cmake_clean_cache': False, 'cmake_clean_first': False, 'cmake_force_configure': False, 'cmake_target': None, 'cmake_target_skip_unavailable': False, 'install_base': '/home/ros2/Ros2Projects/oom_ws/src/install/ros2_term_project', 'merge_install': False, 'path': '/home/ros2/Ros2Projects/oom_ws/src/ros2_term_project', 'symlink_install': False, 'test_result_base': None}
[0.360s] Level 5:colcon.colcon_core.verb:set package 'py_custom_msg_test' build argument 'cmake_args' from command line to 'None'
[0.360s] Level 5:colcon.colcon_core.verb:set package 'py_custom_msg_test' build argument 'cmake_target' from command line to 'None'
[0.360s] Level 5:colcon.colcon_core.verb:set package 'py_custom_msg_test' build argument 'cmake_target_skip_unavailable' from command line to 'False'
[0.360s] Level 5:colcon.colcon_core.verb:set package 'py_custom_msg_test' build argument 'cmake_clean_cache' from command line to 'False'
[0.360s] Level 5:colcon.colcon_core.verb:set package 'py_custom_msg_test' build argument 'cmake_clean_first' from command line to 'False'
[0.360s] Level 5:colcon.colcon_core.verb:set package 'py_custom_msg_test' build argument 'cmake_force_configure' from command line to 'False'
[0.360s] Level 5:colcon.colcon_core.verb:set package 'py_custom_msg_test' build argument 'ament_cmake_args' from command line to 'None'
[0.360s] Level 5:colcon.colcon_core.verb:set package 'py_custom_msg_test' build argument 'catkin_cmake_args' from command line to 'None'
[0.360s] Level 5:colcon.colcon_core.verb:set package 'py_custom_msg_test' build argument 'catkin_skip_building_tests' from command line to 'False'
[0.360s] DEBUG:colcon.colcon_core.verb:Building package 'py_custom_msg_test' with the following arguments: {'ament_cmake_args': None, 'build_base': '/home/ros2/Ros2Projects/oom_ws/src/build/py_custom_msg_test', 'catkin_cmake_args': None, 'catkin_skip_building_tests': False, 'cmake_args': None, 'cmake_clean_cache': False, 'cmake_clean_first': False, 'cmake_force_configure': False, 'cmake_target': None, 'cmake_target_skip_unavailable': False, 'install_base': '/home/ros2/Ros2Projects/oom_ws/src/install/py_custom_msg_test', 'merge_install': False, 'path': '/home/ros2/Ros2Projects/oom_ws/src/py_custom_msg_test', 'symlink_install': False, 'test_result_base': None}
[0.361s] INFO:colcon.colcon_core.executor:Executing jobs using 'parallel' executor
[0.363s] DEBUG:colcon.colcon_parallel_executor.executor.parallel:run_until_complete
[0.364s] INFO:colcon.colcon_ros.task.ament_cmake.build:Building ROS package in '/home/ros2/Ros2Projects/oom_ws/src/custom_interface' with build type 'ament_cmake'
[0.364s] INFO:colcon.colcon_cmake.task.cmake.build:Building CMake package in '/home/ros2/Ros2Projects/oom_ws/src/custom_interface'
[0.370s] INFO:colcon.colcon_core.plugin_system:Skipping extension 'colcon_core.shell.bat': Not used on non-Windows systems
[0.370s] INFO:colcon.colcon_core.shell:Skip shell extension 'powershell' for command environment: Not usable outside of PowerShell
[0.370s] DEBUG:colcon.colcon_core.shell:Skip shell extension 'dsv' for command environment
[0.374s] INFO:colcon.colcon_ros.task.ament_python.build:Building ROS package in '/home/ros2/Ros2Projects/oom_ws/src/py_pubsub' with build type 'ament_python'
[0.374s] Level 1:colcon.colcon_core.shell:create_environment_hook('py_pubsub', 'ament_prefix_path')
[0.376s] INFO:colcon.colcon_core.shell:Creating environment hook '/home/ros2/Ros2Projects/oom_ws/src/install/py_pubsub/share/py_pubsub/hook/ament_prefix_path.ps1'
[0.376s] INFO:colcon.colcon_core.shell:Creating environment descriptor '/home/ros2/Ros2Projects/oom_ws/src/install/py_pubsub/share/py_pubsub/hook/ament_prefix_path.dsv'
[0.377s] INFO:colcon.colcon_core.shell:Creating environment hook '/home/ros2/Ros2Projects/oom_ws/src/install/py_pubsub/share/py_pubsub/hook/ament_prefix_path.sh'
[0.378s] INFO:colcon.colcon_core.shell:Skip shell extension 'powershell' for command environment: Not usable outside of PowerShell
[0.378s] DEBUG:colcon.colcon_core.shell:Skip shell extension 'dsv' for command environment
[0.382s] INFO:colcon.colcon_ros.task.ament_python.build:Building ROS package in '/home/ros2/Ros2Projects/oom_ws/src/ros2_term_project' with build type 'ament_python'
[0.382s] Level 1:colcon.colcon_core.shell:create_environment_hook('ros2_term_project', 'ament_prefix_path')
[0.383s] INFO:colcon.colcon_core.shell:Creating environment hook '/home/ros2/Ros2Projects/oom_ws/src/install/ros2_term_project/share/ros2_term_project/hook/ament_prefix_path.ps1'
[0.384s] INFO:colcon.colcon_core.shell:Creating environment descriptor '/home/ros2/Ros2Projects/oom_ws/src/install/ros2_term_project/share/ros2_term_project/hook/ament_prefix_path.dsv'
[0.384s] INFO:colcon.colcon_core.shell:Creating environment hook '/home/ros2/Ros2Projects/oom_ws/src/install/ros2_term_project/share/ros2_term_project/hook/ament_prefix_path.sh'
[0.385s] INFO:colcon.colcon_core.shell:Skip shell extension 'powershell' for command environment: Not usable outside of PowerShell
[0.385s] DEBUG:colcon.colcon_core.shell:Skip shell extension 'dsv' for command environment
[0.395s] DEBUG:colcon.colcon_core.event_handler.log_command:Invoking command in '/home/ros2/Ros2Projects/oom_ws/src/build/custom_interface': CMAKE_PREFIX_PATH=/opt/ros/foxy /bin/cmake --build /home/ros2/Ros2Projects/oom_ws/src/build/custom_interface -- -j16 -l16
[0.524s] INFO:colcon.colcon_core.task.python.build:Building Python package in '/home/ros2/Ros2Projects/oom_ws/src/py_pubsub'
[0.525s] INFO:colcon.colcon_core.shell:Skip shell extension 'powershell' for command environment: Not usable outside of PowerShell
[0.525s] DEBUG:colcon.colcon_core.shell:Skip shell extension 'dsv' for command environment
[0.660s] INFO:colcon.colcon_core.task.python.build:Building Python package in '/home/ros2/Ros2Projects/oom_ws/src/ros2_term_project'
[0.662s] INFO:colcon.colcon_core.shell:Skip shell extension 'powershell' for command environment: Not usable outside of PowerShell
[0.662s] DEBUG:colcon.colcon_core.shell:Skip shell extension 'dsv' for command environment
[0.671s] DEBUG:colcon.colcon_core.event_handler.log_command:Invoked command in '/home/ros2/Ros2Projects/oom_ws/src/build/custom_interface' returned '0': CMAKE_PREFIX_PATH=/opt/ros/foxy /bin/cmake --build /home/ros2/Ros2Projects/oom_ws/src/build/custom_interface -- -j16 -l16
[0.725s] DEBUG:colcon.colcon_core.event_handler.log_command:Invoking command in '/home/ros2/Ros2Projects/oom_ws/src/build/custom_interface': CMAKE_PREFIX_PATH=/opt/ros/foxy /bin/cmake --install /home/ros2/Ros2Projects/oom_ws/src/build/custom_interface
[0.771s] Level 1:colcon.colcon_core.environment:create_environment_scripts_only(custom_interface)
[0.772s] DEBUG:colcon.colcon_core.event_handler.log_command:Invoked command in '/home/ros2/Ros2Projects/oom_ws/src/build/custom_interface' returned '0': CMAKE_PREFIX_PATH=/opt/ros/foxy /bin/cmake --install /home/ros2/Ros2Projects/oom_ws/src/build/custom_interface
[0.778s] Level 1:colcon.colcon_core.environment:checking '/home/ros2/Ros2Projects/oom_ws/src/install/custom_interface' for CMake module files
[0.779s] Level 1:colcon.colcon_core.environment:checking '/home/ros2/Ros2Projects/oom_ws/src/install/custom_interface' for CMake config files
[0.782s] Level 1:colcon.colcon_core.shell:create_environment_hook('custom_interface', 'cmake_prefix_path')
[0.783s] INFO:colcon.colcon_core.shell:Creating environment hook '/home/ros2/Ros2Projects/oom_ws/src/install/custom_interface/share/custom_interface/hook/cmake_prefix_path.ps1'
[0.783s] INFO:colcon.colcon_core.shell:Creating environment descriptor '/home/ros2/Ros2Projects/oom_ws/src/install/custom_interface/share/custom_interface/hook/cmake_prefix_path.dsv'
[0.783s] INFO:colcon.colcon_core.shell:Creating environment hook '/home/ros2/Ros2Projects/oom_ws/src/install/custom_interface/share/custom_interface/hook/cmake_prefix_path.sh'
[0.784s] Level 1:colcon.colcon_core.environment:checking '/home/ros2/Ros2Projects/oom_ws/src/install/custom_interface/lib'
[0.784s] Level 1:colcon.colcon_core.shell:create_environment_hook('custom_interface', 'ld_library_path_lib')
[0.785s] INFO:colcon.colcon_core.shell:Creating environment hook '/home/ros2/Ros2Projects/oom_ws/src/install/custom_interface/share/custom_interface/hook/ld_library_path_lib.ps1'
[0.785s] INFO:colcon.colcon_core.shell:Creating environment descriptor '/home/ros2/Ros2Projects/oom_ws/src/install/custom_interface/share/custom_interface/hook/ld_library_path_lib.dsv'
[0.785s] INFO:colcon.colcon_core.shell:Creating environment hook '/home/ros2/Ros2Projects/oom_ws/src/install/custom_interface/share/custom_interface/hook/ld_library_path_lib.sh'
[0.785s] Level 1:colcon.colcon_core.environment:checking '/home/ros2/Ros2Projects/oom_ws/src/install/custom_interface/bin'
[0.785s] Level 1:colcon.colcon_core.environment:checking '/home/ros2/Ros2Projects/oom_ws/src/install/custom_interface/lib/pkgconfig/custom_interface.pc'
[0.786s] Level 1:colcon.colcon_core.environment:checking '/home/ros2/Ros2Projects/oom_ws/src/install/custom_interface/lib/python3.8/site-packages'
[0.786s] Level 1:colcon.colcon_core.shell:create_environment_hook('custom_interface', 'pythonpath')
[0.786s] INFO:colcon.colcon_core.shell:Creating environment hook '/home/ros2/Ros2Projects/oom_ws/src/install/custom_interface/share/custom_interface/hook/pythonpath.ps1'
[0.787s] INFO:colcon.colcon_core.shell:Creating environment descriptor '/home/ros2/Ros2Projects/oom_ws/src/install/custom_interface/share/custom_interface/hook/pythonpath.dsv'
[0.787s] INFO:colcon.colcon_core.shell:Creating environment hook '/home/ros2/Ros2Projects/oom_ws/src/install/custom_interface/share/custom_interface/hook/pythonpath.sh'
[0.787s] Level 1:colcon.colcon_core.environment:checking '/home/ros2/Ros2Projects/oom_ws/src/install/custom_interface/bin'
[0.788s] INFO:colcon.colcon_core.shell:Creating package script '/home/ros2/Ros2Projects/oom_ws/src/install/custom_interface/share/custom_interface/package.ps1'
[0.789s] INFO:colcon.colcon_core.shell:Creating package descriptor '/home/ros2/Ros2Projects/oom_ws/src/install/custom_interface/share/custom_interface/package.dsv'
[0.789s] INFO:colcon.colcon_core.shell:Creating package script '/home/ros2/Ros2Projects/oom_ws/src/install/custom_interface/share/custom_interface/package.sh'
[0.790s] INFO:colcon.colcon_core.shell:Creating package script '/home/ros2/Ros2Projects/oom_ws/src/install/custom_interface/share/custom_interface/package.bash'
[0.791s] INFO:colcon.colcon_core.shell:Creating package script '/home/ros2/Ros2Projects/oom_ws/src/install/custom_interface/share/custom_interface/package.zsh'
[0.791s] Level 1:colcon.colcon_core.environment:create_file_with_runtime_dependencies(/home/ros2/Ros2Projects/oom_ws/src/install/custom_interface/share/colcon-core/packages/custom_interface)
[0.835s] Level 1:colcon.colcon_core.environment:create_environment_scripts_only(custom_interface)
[0.837s] Level 1:colcon.colcon_core.environment:checking '/home/ros2/Ros2Projects/oom_ws/src/install/custom_interface' for CMake module files
[0.837s] Level 1:colcon.colcon_core.environment:checking '/home/ros2/Ros2Projects/oom_ws/src/install/custom_interface' for CMake config files
[0.838s] Level 1:colcon.colcon_core.shell:create_environment_hook('custom_interface', 'cmake_prefix_path')
[0.838s] INFO:colcon.colcon_core.shell:Creating environment hook '/home/ros2/Ros2Projects/oom_ws/src/install/custom_interface/share/custom_interface/hook/cmake_prefix_path.ps1'
[0.839s] INFO:colcon.colcon_core.shell:Creating environment descriptor '/home/ros2/Ros2Projects/oom_ws/src/install/custom_interface/share/custom_interface/hook/cmake_prefix_path.dsv'
[0.839s] INFO:colcon.colcon_core.shell:Creating environment hook '/home/ros2/Ros2Projects/oom_ws/src/install/custom_interface/share/custom_interface/hook/cmake_prefix_path.sh'
[0.839s] Level 1:colcon.colcon_core.environment:checking '/home/ros2/Ros2Projects/oom_ws/src/install/custom_interface/lib'
[0.839s] Level 1:colcon.colcon_core.shell:create_environment_hook('custom_interface', 'ld_library_path_lib')
[0.840s] INFO:colcon.colcon_core.shell:Creating environment hook '/home/ros2/Ros2Projects/oom_ws/src/install/custom_interface/share/custom_interface/hook/ld_library_path_lib.ps1'
[0.840s] INFO:colcon.colcon_core.shell:Creating environment descriptor '/home/ros2/Ros2Projects/oom_ws/src/install/custom_interface/share/custom_interface/hook/ld_library_path_lib.dsv'
[0.840s] INFO:colcon.colcon_core.shell:Creating environment hook '/home/ros2/Ros2Projects/oom_ws/src/install/custom_interface/share/custom_interface/hook/ld_library_path_lib.sh'
[0.841s] Level 1:colcon.colcon_core.environment:checking '/home/ros2/Ros2Projects/oom_ws/src/install/custom_interface/bin'
[0.841s] Level 1:colcon.colcon_core.environment:checking '/home/ros2/Ros2Projects/oom_ws/src/install/custom_interface/lib/pkgconfig/custom_interface.pc'
[0.841s] Level 1:colcon.colcon_core.environment:checking '/home/ros2/Ros2Projects/oom_ws/src/install/custom_interface/lib/python3.8/site-packages'
[0.841s] Level 1:colcon.colcon_core.shell:create_environment_hook('custom_interface', 'pythonpath')
[0.842s] INFO:colcon.colcon_core.shell:Creating environment hook '/home/ros2/Ros2Projects/oom_ws/src/install/custom_interface/share/custom_interface/hook/pythonpath.ps1'
[0.842s] INFO:colcon.colcon_core.shell:Creating environment descriptor '/home/ros2/Ros2Projects/oom_ws/src/install/custom_interface/share/custom_interface/hook/pythonpath.dsv'
[0.842s] INFO:colcon.colcon_core.shell:Creating environment hook '/home/ros2/Ros2Projects/oom_ws/src/install/custom_interface/share/custom_interface/hook/pythonpath.sh'
[0.842s] Level 1:colcon.colcon_core.environment:checking '/home/ros2/Ros2Projects/oom_ws/src/install/custom_interface/bin'
[0.843s] INFO:colcon.colcon_core.shell:Creating package script '/home/ros2/Ros2Projects/oom_ws/src/install/custom_interface/share/custom_interface/package.ps1'
[0.843s] INFO:colcon.colcon_core.shell:Creating package descriptor '/home/ros2/Ros2Projects/oom_ws/src/install/custom_interface/share/custom_interface/package.dsv'
[0.844s] INFO:colcon.colcon_core.shell:Creating package script '/home/ros2/Ros2Projects/oom_ws/src/install/custom_interface/share/custom_interface/package.sh'
[0.844s] INFO:colcon.colcon_core.shell:Creating package script '/home/ros2/Ros2Projects/oom_ws/src/install/custom_interface/share/custom_interface/package.bash'
[0.844s] INFO:colcon.colcon_core.shell:Creating package script '/home/ros2/Ros2Projects/oom_ws/src/install/custom_interface/share/custom_interface/package.zsh'
[0.844s] Level 1:colcon.colcon_core.environment:create_file_with_runtime_dependencies(/home/ros2/Ros2Projects/oom_ws/src/install/custom_interface/share/colcon-core/packages/custom_interface)
[0.845s] INFO:colcon.colcon_ros.task.ament_python.build:Building ROS package in '/home/ros2/Ros2Projects/oom_ws/src/py_custom_msg_test' with build type 'ament_python'
[0.845s] Level 1:colcon.colcon_core.shell:create_environment_hook('py_custom_msg_test', 'ament_prefix_path')
[0.846s] INFO:colcon.colcon_core.shell:Creating environment hook '/home/ros2/Ros2Projects/oom_ws/src/install/py_custom_msg_test/share/py_custom_msg_test/hook/ament_prefix_path.ps1'
[0.847s] INFO:colcon.colcon_core.shell:Creating environment descriptor '/home/ros2/Ros2Projects/oom_ws/src/install/py_custom_msg_test/share/py_custom_msg_test/hook/ament_prefix_path.dsv'
[0.847s] INFO:colcon.colcon_core.shell:Creating environment hook '/home/ros2/Ros2Projects/oom_ws/src/install/py_custom_msg_test/share/py_custom_msg_test/hook/ament_prefix_path.sh'
[0.848s] INFO:colcon.colcon_core.shell:Skip shell extension 'powershell' for command environment: Not usable outside of PowerShell
[0.848s] DEBUG:colcon.colcon_core.shell:Skip shell extension 'dsv' for command environment
[0.989s] INFO:colcon.colcon_core.task.python.build:Building Python package in '/home/ros2/Ros2Projects/oom_ws/src/py_custom_msg_test'
[0.991s] INFO:colcon.colcon_core.shell:Skip shell extension 'powershell' for command environment: Not usable outside of PowerShell
[0.991s] DEBUG:colcon.colcon_core.shell:Skip shell extension 'dsv' for command environment
[1.000s] DEBUG:colcon.colcon_core.event_handler.log_command:Invoking command in '/home/ros2/Ros2Projects/oom_ws/src/ros2_term_project': PYTHONPATH=/home/ros2/Ros2Projects/oom_ws/src/install/ros2_term_project/lib/python3.8/site-packages:${PYTHONPATH} /usr/bin/python3 setup.py egg_info --egg-base ../build/ros2_term_project build --build-base /home/ros2/Ros2Projects/oom_ws/src/build/ros2_term_project/build install --prefix /home/ros2/Ros2Projects/oom_ws/src/install/ros2_term_project --record /home/ros2/Ros2Projects/oom_ws/src/build/ros2_term_project/install.log --single-version-externally-managed
[1.003s] DEBUG:colcon.colcon_core.event_handler.log_command:Invoking command in '/home/ros2/Ros2Projects/oom_ws/src/py_pubsub': PYTHONPATH=/home/ros2/Ros2Projects/oom_ws/src/install/py_pubsub/lib/python3.8/site-packages:${PYTHONPATH} /usr/bin/python3 setup.py egg_info --egg-base ../build/py_pubsub build --build-base /home/ros2/Ros2Projects/oom_ws/src/build/py_pubsub/build install --prefix /home/ros2/Ros2Projects/oom_ws/src/install/py_pubsub --record /home/ros2/Ros2Projects/oom_ws/src/build/py_pubsub/install.log --single-version-externally-managed
[1.178s] Level 1:colcon.colcon_core.environment:checking '/home/ros2/Ros2Projects/oom_ws/src/install/py_pubsub' for CMake module files
[1.178s] DEBUG:colcon.colcon_core.event_handler.log_command:Invoked command in '/home/ros2/Ros2Projects/oom_ws/src/py_pubsub' returned '0': PYTHONPATH=/home/ros2/Ros2Projects/oom_ws/src/install/py_pubsub/lib/python3.8/site-packages:${PYTHONPATH} /usr/bin/python3 setup.py egg_info --egg-base ../build/py_pubsub build --build-base /home/ros2/Ros2Projects/oom_ws/src/build/py_pubsub/build install --prefix /home/ros2/Ros2Projects/oom_ws/src/install/py_pubsub --record /home/ros2/Ros2Projects/oom_ws/src/build/py_pubsub/install.log --single-version-externally-managed
[1.180s] Level 1:colcon.colcon_core.environment:checking '/home/ros2/Ros2Projects/oom_ws/src/install/py_pubsub' for CMake config files
[1.182s] Level 1:colcon.colcon_core.environment:checking '/home/ros2/Ros2Projects/oom_ws/src/install/py_pubsub/lib'
[1.182s] Level 1:colcon.colcon_core.environment:checking '/home/ros2/Ros2Projects/oom_ws/src/install/py_pubsub/bin'
[1.182s] Level 1:colcon.colcon_core.environment:checking '/home/ros2/Ros2Projects/oom_ws/src/install/py_pubsub/lib/pkgconfig/py_pubsub.pc'
[1.182s] Level 1:colcon.colcon_core.environment:checking '/home/ros2/Ros2Projects/oom_ws/src/install/py_pubsub/lib/python3.8/site-packages'
[1.182s] Level 1:colcon.colcon_core.shell:create_environment_hook('py_pubsub', 'pythonpath')
[1.183s] INFO:colcon.colcon_core.shell:Creating environment hook '/home/ros2/Ros2Projects/oom_ws/src/install/py_pubsub/share/py_pubsub/hook/pythonpath.ps1'
[1.184s] INFO:colcon.colcon_core.shell:Creating environment descriptor '/home/ros2/Ros2Projects/oom_ws/src/install/py_pubsub/share/py_pubsub/hook/pythonpath.dsv'
[1.184s] INFO:colcon.colcon_core.shell:Creating environment hook '/home/ros2/Ros2Projects/oom_ws/src/install/py_pubsub/share/py_pubsub/hook/pythonpath.sh'
[1.184s] Level 1:colcon.colcon_core.environment:checking '/home/ros2/Ros2Projects/oom_ws/src/install/py_pubsub/bin'
[1.184s] Level 1:colcon.colcon_core.environment:create_environment_scripts_only(py_pubsub)
[1.185s] INFO:colcon.colcon_core.shell:Creating package script '/home/ros2/Ros2Projects/oom_ws/src/install/py_pubsub/share/py_pubsub/package.ps1'
[1.185s] INFO:colcon.colcon_core.shell:Creating package descriptor '/home/ros2/Ros2Projects/oom_ws/src/install/py_pubsub/share/py_pubsub/package.dsv'
[1.186s] INFO:colcon.colcon_core.shell:Creating package script '/home/ros2/Ros2Projects/oom_ws/src/install/py_pubsub/share/py_pubsub/package.sh'
[1.186s] INFO:colcon.colcon_core.shell:Creating package script '/home/ros2/Ros2Projects/oom_ws/src/install/py_pubsub/share/py_pubsub/package.bash'
[1.186s] INFO:colcon.colcon_core.shell:Creating package script '/home/ros2/Ros2Projects/oom_ws/src/install/py_pubsub/share/py_pubsub/package.zsh'
[1.186s] Level 1:colcon.colcon_core.environment:create_file_with_runtime_dependencies(/home/ros2/Ros2Projects/oom_ws/src/install/py_pubsub/share/colcon-core/packages/py_pubsub)
[1.189s] Level 1:colcon.colcon_core.environment:checking '/home/ros2/Ros2Projects/oom_ws/src/install/ros2_term_project' for CMake module files
[1.190s] DEBUG:colcon.colcon_core.event_handler.log_command:Invoked command in '/home/ros2/Ros2Projects/oom_ws/src/ros2_term_project' returned '0': PYTHONPATH=/home/ros2/Ros2Projects/oom_ws/src/install/ros2_term_project/lib/python3.8/site-packages:${PYTHONPATH} /usr/bin/python3 setup.py egg_info --egg-base ../build/ros2_term_project build --build-base /home/ros2/Ros2Projects/oom_ws/src/build/ros2_term_project/build install --prefix /home/ros2/Ros2Projects/oom_ws/src/install/ros2_term_project --record /home/ros2/Ros2Projects/oom_ws/src/build/ros2_term_project/install.log --single-version-externally-managed
[1.190s] Level 1:colcon.colcon_core.environment:checking '/home/ros2/Ros2Projects/oom_ws/src/install/ros2_term_project' for CMake config files
[1.192s] Level 1:colcon.colcon_core.environment:checking '/home/ros2/Ros2Projects/oom_ws/src/install/ros2_term_project/lib'
[1.192s] Level 1:colcon.colcon_core.environment:checking '/home/ros2/Ros2Projects/oom_ws/src/install/ros2_term_project/bin'
[1.193s] Level 1:colcon.colcon_core.environment:checking '/home/ros2/Ros2Projects/oom_ws/src/install/ros2_term_project/lib/pkgconfig/ros2_term_project.pc'
[1.193s] Level 1:colcon.colcon_core.environment:checking '/home/ros2/Ros2Projects/oom_ws/src/install/ros2_term_project/lib/python3.8/site-packages'
[1.193s] Level 1:colcon.colcon_core.shell:create_environment_hook('ros2_term_project', 'pythonpath')
[1.194s] INFO:colcon.colcon_core.shell:Creating environment hook '/home/ros2/Ros2Projects/oom_ws/src/install/ros2_term_project/share/ros2_term_project/hook/pythonpath.ps1'
[1.194s] INFO:colcon.colcon_core.shell:Creating environment descriptor '/home/ros2/Ros2Projects/oom_ws/src/install/ros2_term_project/share/ros2_term_project/hook/pythonpath.dsv'
[1.194s] INFO:colcon.colcon_core.shell:Creating environment hook '/home/ros2/Ros2Projects/oom_ws/src/install/ros2_term_project/share/ros2_term_project/hook/pythonpath.sh'
[1.194s] Level 1:colcon.colcon_core.environment:checking '/home/ros2/Ros2Projects/oom_ws/src/install/ros2_term_project/bin'
[1.195s] Level 1:colcon.colcon_core.environment:create_environment_scripts_only(ros2_term_project)
[1.195s] INFO:colcon.colcon_core.shell:Creating package script '/home/ros2/Ros2Projects/oom_ws/src/install/ros2_term_project/share/ros2_term_project/package.ps1'
[1.196s] INFO:colcon.colcon_core.shell:Creating package descriptor '/home/ros2/Ros2Projects/oom_ws/src/install/ros2_term_project/share/ros2_term_project/package.dsv'
[1.196s] INFO:colcon.colcon_core.shell:Creating package script '/home/ros2/Ros2Projects/oom_ws/src/install/ros2_term_project/share/ros2_term_project/package.sh'
[1.196s] INFO:colcon.colcon_core.shell:Creating package script '/home/ros2/Ros2Projects/oom_ws/src/install/ros2_term_project/share/ros2_term_project/package.bash'
[1.196s] INFO:colcon.colcon_core.shell:Creating package script '/home/ros2/Ros2Projects/oom_ws/src/install/ros2_term_project/share/ros2_term_project/package.zsh'
[1.196s] Level 1:colcon.colcon_core.environment:create_file_with_runtime_dependencies(/home/ros2/Ros2Projects/oom_ws/src/install/ros2_term_project/share/colcon-core/packages/ros2_term_project)
[1.241s] DEBUG:colcon.colcon_core.event_handler.log_command:Invoking command in '/home/ros2/Ros2Projects/oom_ws/src/py_custom_msg_test': AMENT_PREFIX_PATH=/home/ros2/Ros2Projects/oom_ws/src/install/custom_interface:${AMENT_PREFIX_PATH} CMAKE_PREFIX_PATH=/home/ros2/Ros2Projects/oom_ws/src/install/custom_interface LD_LIBRARY_PATH=/home/ros2/Ros2Projects/oom_ws/src/install/custom_interface/lib:${LD_LIBRARY_PATH} PYTHONPATH=/home/ros2/Ros2Projects/oom_ws/src/install/py_custom_msg_test/lib/python3.8/site-packages:/home/ros2/Ros2Projects/oom_ws/src/install/custom_interface/lib/python3.8/site-packages:${PYTHONPATH} /usr/bin/python3 setup.py egg_info --egg-base ../build/py_custom_msg_test build --build-base /home/ros2/Ros2Projects/oom_ws/src/build/py_custom_msg_test/build install --prefix /home/ros2/Ros2Projects/oom_ws/src/install/py_custom_msg_test --record /home/ros2/Ros2Projects/oom_ws/src/build/py_custom_msg_test/install.log --single-version-externally-managed
[1.424s] Level 1:colcon.colcon_core.environment:checking '/home/ros2/Ros2Projects/oom_ws/src/install/py_custom_msg_test' for CMake module files
[1.424s] DEBUG:colcon.colcon_core.event_handler.log_command:Invoked command in '/home/ros2/Ros2Projects/oom_ws/src/py_custom_msg_test' returned '0': AMENT_PREFIX_PATH=/home/ros2/Ros2Projects/oom_ws/src/install/custom_interface:${AMENT_PREFIX_PATH} CMAKE_PREFIX_PATH=/home/ros2/Ros2Projects/oom_ws/src/install/custom_interface LD_LIBRARY_PATH=/home/ros2/Ros2Projects/oom_ws/src/install/custom_interface/lib:${LD_LIBRARY_PATH} PYTHONPATH=/home/ros2/Ros2Projects/oom_ws/src/install/py_custom_msg_test/lib/python3.8/site-packages:/home/ros2/Ros2Projects/oom_ws/src/install/custom_interface/lib/python3.8/site-packages:${PYTHONPATH} /usr/bin/python3 setup.py egg_info --egg-base ../build/py_custom_msg_test build --build-base /home/ros2/Ros2Projects/oom_ws/src/build/py_custom_msg_test/build install --prefix /home/ros2/Ros2Projects/oom_ws/src/install/py_custom_msg_test --record /home/ros2/Ros2Projects/oom_ws/src/build/py_custom_msg_test/install.log --single-version-externally-managed
[1.425s] Level 1:colcon.colcon_core.environment:checking '/home/ros2/Ros2Projects/oom_ws/src/install/py_custom_msg_test' for CMake config files
[1.428s] Level 1:colcon.colcon_core.environment:checking '/home/ros2/Ros2Projects/oom_ws/src/install/py_custom_msg_test/lib'
[1.428s] Level 1:colcon.colcon_core.environment:checking '/home/ros2/Ros2Projects/oom_ws/src/install/py_custom_msg_test/bin'
[1.428s] Level 1:colcon.colcon_core.environment:checking '/home/ros2/Ros2Projects/oom_ws/src/install/py_custom_msg_test/lib/pkgconfig/py_custom_msg_test.pc'
[1.428s] Level 1:colcon.colcon_core.environment:checking '/home/ros2/Ros2Projects/oom_ws/src/install/py_custom_msg_test/lib/python3.8/site-packages'
[1.428s] Level 1:colcon.colcon_core.shell:create_environment_hook('py_custom_msg_test', 'pythonpath')
[1.429s] INFO:colcon.colcon_core.shell:Creating environment hook '/home/ros2/Ros2Projects/oom_ws/src/install/py_custom_msg_test/share/py_custom_msg_test/hook/pythonpath.ps1'
[1.429s] INFO:colcon.colcon_core.shell:Creating environment descriptor '/home/ros2/Ros2Projects/oom_ws/src/install/py_custom_msg_test/share/py_custom_msg_test/hook/pythonpath.dsv'
[1.430s] INFO:colcon.colcon_core.shell:Creating environment hook '/home/ros2/Ros2Projects/oom_ws/src/install/py_custom_msg_test/share/py_custom_msg_test/hook/pythonpath.sh'
[1.430s] Level 1:colcon.colcon_core.environment:checking '/home/ros2/Ros2Projects/oom_ws/src/install/py_custom_msg_test/bin'
[1.430s] Level 1:colcon.colcon_core.environment:create_environment_scripts_only(py_custom_msg_test)
[1.431s] INFO:colcon.colcon_core.shell:Creating package script '/home/ros2/Ros2Projects/oom_ws/src/install/py_custom_msg_test/share/py_custom_msg_test/package.ps1'
[1.431s] INFO:colcon.colcon_core.shell:Creating package descriptor '/home/ros2/Ros2Projects/oom_ws/src/install/py_custom_msg_test/share/py_custom_msg_test/package.dsv'
[1.431s] INFO:colcon.colcon_core.shell:Creating package script '/home/ros2/Ros2Projects/oom_ws/src/install/py_custom_msg_test/share/py_custom_msg_test/package.sh'
[1.431s] INFO:colcon.colcon_core.shell:Creating package script '/home/ros2/Ros2Projects/oom_ws/src/install/py_custom_msg_test/share/py_custom_msg_test/package.bash'
[1.432s] INFO:colcon.colcon_core.shell:Creating package script '/home/ros2/Ros2Projects/oom_ws/src/install/py_custom_msg_test/share/py_custom_msg_test/package.zsh'
[1.432s] Level 1:colcon.colcon_core.environment:create_file_with_runtime_dependencies(/home/ros2/Ros2Projects/oom_ws/src/install/py_custom_msg_test/share/colcon-core/packages/py_custom_msg_test)
[1.432s] DEBUG:colcon.colcon_parallel_executor.executor.parallel:closing loop
[1.433s] DEBUG:colcon.colcon_parallel_executor.executor.parallel:loop closed
[1.433s] DEBUG:colcon.colcon_parallel_executor.executor.parallel:run_until_complete finished with '0'
[1.433s] DEBUG:colcon.colcon_core.event_reactor:joining thread
[1.442s] INFO:colcon.colcon_core.plugin_system:Skipping extension 'colcon_notification.desktop_notification.notify_send': Could not find 'notify-send'
[1.442s] INFO:colcon.colcon_core.plugin_system:Skipping extension 'colcon_notification.desktop_notification.terminal_notifier': Not used on non-Darwin systems
[1.442s] INFO:colcon.colcon_core.plugin_system:Skipping extension 'colcon_notification.desktop_notification.win32': Not used on non-Windows systems
[1.442s] INFO:colcon.colcon_notification.desktop_notification:Sending desktop notification using 'notify2'
[1.520s] DEBUG:colcon.colcon_core.event_reactor:joined thread
[1.521s] INFO:colcon.colcon_core.shell:Creating prefix script '/home/ros2/Ros2Projects/oom_ws/src/install/local_setup.ps1'
[1.522s] INFO:colcon.colcon_core.shell:Creating prefix util module '/home/ros2/Ros2Projects/oom_ws/src/install/_local_setup_util_ps1.py'
[1.524s] INFO:colcon.colcon_core.shell:Creating prefix chain script '/home/ros2/Ros2Projects/oom_ws/src/install/setup.ps1'
[1.525s] INFO:colcon.colcon_core.shell:Creating prefix script '/home/ros2/Ros2Projects/oom_ws/src/install/local_setup.sh'
[1.525s] INFO:colcon.colcon_core.shell:Creating prefix util module '/home/ros2/Ros2Projects/oom_ws/src/install/_local_setup_util_sh.py'
[1.525s] INFO:colcon.colcon_core.shell:Creating prefix chain script '/home/ros2/Ros2Projects/oom_ws/src/install/setup.sh'
[1.526s] INFO:colcon.colcon_core.shell:Creating prefix script '/home/ros2/Ros2Projects/oom_ws/src/install/local_setup.bash'
[1.527s] INFO:colcon.colcon_core.shell:Creating prefix chain script '/home/ros2/Ros2Projects/oom_ws/src/install/setup.bash'
[1.528s] INFO:colcon.colcon_core.shell:Creating prefix script '/home/ros2/Ros2Projects/oom_ws/src/install/local_setup.zsh'
[1.528s] INFO:colcon.colcon_core.shell:Creating prefix chain script '/home/ros2/Ros2Projects/oom_ws/src/install/setup.zsh'
