[0.607s] Invoking command in '/home/ros2/Ros2Projects/oom_ws/src/ros2_term_project': PYTHONPATH=/home/ros2/Ros2Projects/oom_ws/src/install/ros2_term_project/lib/python3.8/site-packages:${PYTHONPATH} /usr/bin/python3 setup.py egg_info --egg-base ../build/ros2_term_project build --build-base /home/ros2/Ros2Projects/oom_ws/src/build/ros2_term_project/build install --prefix /home/ros2/Ros2Projects/oom_ws/src/install/ros2_term_project --record /home/ros2/Ros2Projects/oom_ws/src/build/ros2_term_project/install.log --single-version-externally-managed
[0.731s] running egg_info
[0.731s] writing ../build/ros2_term_project/ros2_term_project.egg-info/PKG-INFO
[0.731s] writing dependency_links to ../build/ros2_term_project/ros2_term_project.egg-info/dependency_links.txt
[0.732s] writing entry points to ../build/ros2_term_project/ros2_term_project.egg-info/entry_points.txt
[0.732s] writing requirements to ../build/ros2_term_project/ros2_term_project.egg-info/requires.txt
[0.732s] writing top-level names to ../build/ros2_term_project/ros2_term_project.egg-info/top_level.txt
[0.755s] reading manifest file '../build/ros2_term_project/ros2_term_project.egg-info/SOURCES.txt'
[0.756s] writing manifest file '../build/ros2_term_project/ros2_term_project.egg-info/SOURCES.txt'
[0.756s] running build
[0.756s] running build_py
[0.756s] copying ros2_term_project/actor_detect_processor.py -> /home/ros2/Ros2Projects/oom_ws/src/build/ros2_term_project/build/lib/ros2_term_project
[0.756s] running install
[0.757s] running install_lib
[0.758s] copying /home/ros2/Ros2Projects/oom_ws/src/build/ros2_term_project/build/lib/ros2_term_project/actor_detect_processor.py -> /home/ros2/Ros2Projects/oom_ws/src/install/ros2_term_project/lib/python3.8/site-packages/ros2_term_project
[0.758s] byte-compiling /home/ros2/Ros2Projects/oom_ws/src/install/ros2_term_project/lib/python3.8/site-packages/ros2_term_project/actor_detect_processor.py to actor_detect_processor.cpython-38.pyc
[0.759s] running install_data
[0.759s] copying launch/car_sim.launch.py -> /home/ros2/Ros2Projects/oom_ws/src/install/ros2_term_project/share/ros2_term_project/launch
[0.760s] running install_egg_info
[0.761s] removing '/home/ros2/Ros2Projects/oom_ws/src/install/ros2_term_project/lib/python3.8/site-packages/ros2_term_project-0.0.0-py3.8.egg-info' (and everything under it)
[0.761s] Copying ../build/ros2_term_project/ros2_term_project.egg-info to /home/ros2/Ros2Projects/oom_ws/src/install/ros2_term_project/lib/python3.8/site-packages/ros2_term_project-0.0.0-py3.8.egg-info
[0.762s] running install_scripts
[0.772s] Installing move_box script to /home/ros2/Ros2Projects/oom_ws/src/install/ros2_term_project/lib/ros2_term_project
[0.773s] writing list of installed files to '/home/ros2/Ros2Projects/oom_ws/src/build/ros2_term_project/install.log'
[0.797s] Invoked command in '/home/ros2/Ros2Projects/oom_ws/src/ros2_term_project' returned '0': PYTHONPATH=/home/ros2/Ros2Projects/oom_ws/src/install/ros2_term_project/lib/python3.8/site-packages:${PYTHONPATH} /usr/bin/python3 setup.py egg_info --egg-base ../build/ros2_term_project build --build-base /home/ros2/Ros2Projects/oom_ws/src/build/ros2_term_project/build install --prefix /home/ros2/Ros2Projects/oom_ws/src/install/ros2_term_project --record /home/ros2/Ros2Projects/oom_ws/src/build/ros2_term_project/install.log --single-version-externally-managed
