[0.611s] Invoking command in '/home/ros2/Ros2Projects/oom_ws/src/py_pubsub': PYTHONPATH=/home/ros2/Ros2Projects/oom_ws/src/install/py_pubsub/lib/python3.8/site-packages:${PYTHONPATH} /usr/bin/python3 setup.py egg_info --egg-base ../build/py_pubsub build --build-base /home/ros2/Ros2Projects/oom_ws/src/build/py_pubsub/build install --prefix /home/ros2/Ros2Projects/oom_ws/src/install/py_pubsub --record /home/ros2/Ros2Projects/oom_ws/src/build/py_pubsub/install.log --single-version-externally-managed
[0.731s] running egg_info
[0.731s] writing ../build/py_pubsub/py_pubsub.egg-info/PKG-INFO
[0.731s] writing dependency_links to ../build/py_pubsub/py_pubsub.egg-info/dependency_links.txt
[0.731s] writing entry points to ../build/py_pubsub/py_pubsub.egg-info/entry_points.txt
[0.732s] writing requirements to ../build/py_pubsub/py_pubsub.egg-info/requires.txt
[0.732s] writing top-level names to ../build/py_pubsub/py_pubsub.egg-info/top_level.txt
[0.762s] reading manifest file '../build/py_pubsub/py_pubsub.egg-info/SOURCES.txt'
[0.763s] writing manifest file '../build/py_pubsub/py_pubsub.egg-info/SOURCES.txt'
[0.763s] running build
[0.763s] running build_py
[0.763s] running install
[0.764s] running install_lib
[0.765s] running install_data
[0.765s] running install_egg_info
[0.767s] removing '/home/ros2/Ros2Projects/oom_ws/src/install/py_pubsub/lib/python3.8/site-packages/py_pubsub-0.0.0-py3.8.egg-info' (and everything under it)
[0.767s] Copying ../build/py_pubsub/py_pubsub.egg-info to /home/ros2/Ros2Projects/oom_ws/src/install/py_pubsub/lib/python3.8/site-packages/py_pubsub-0.0.0-py3.8.egg-info
[0.768s] running install_scripts
[0.779s] Installing listener script to /home/ros2/Ros2Projects/oom_ws/src/install/py_pubsub/lib/py_pubsub
[0.779s] Installing talker script to /home/ros2/Ros2Projects/oom_ws/src/install/py_pubsub/lib/py_pubsub
[0.779s] writing list of installed files to '/home/ros2/Ros2Projects/oom_ws/src/build/py_pubsub/install.log'
[0.799s] Invoked command in '/home/ros2/Ros2Projects/oom_ws/src/py_pubsub' returned '0': PYTHONPATH=/home/ros2/Ros2Projects/oom_ws/src/install/py_pubsub/lib/python3.8/site-packages:${PYTHONPATH} /usr/bin/python3 setup.py egg_info --egg-base ../build/py_pubsub build --build-base /home/ros2/Ros2Projects/oom_ws/src/build/py_pubsub/build install --prefix /home/ros2/Ros2Projects/oom_ws/src/install/py_pubsub --record /home/ros2/Ros2Projects/oom_ws/src/build/py_pubsub/install.log --single-version-externally-managed
