[0.549s] Invoking command in '/home/ros2/Ros2Projects/oom_ws/src/py_pubsub': PYTHONPATH=/home/ros2/Ros2Projects/oom_ws/src/install/py_pubsub/lib/python3.8/site-packages:${PYTHONPATH} /usr/bin/python3 setup.py egg_info --egg-base ../build/py_pubsub build --build-base /home/ros2/Ros2Projects/oom_ws/src/build/py_pubsub/build install --prefix /home/ros2/Ros2Projects/oom_ws/src/install/py_pubsub --record /home/ros2/Ros2Projects/oom_ws/src/build/py_pubsub/install.log --single-version-externally-managed
[0.665s] running egg_info
[0.665s] creating ../build/py_pubsub/py_pubsub.egg-info
[0.666s] writing ../build/py_pubsub/py_pubsub.egg-info/PKG-INFO
[0.666s] writing dependency_links to ../build/py_pubsub/py_pubsub.egg-info/dependency_links.txt
[0.666s] writing entry points to ../build/py_pubsub/py_pubsub.egg-info/entry_points.txt
[0.667s] writing requirements to ../build/py_pubsub/py_pubsub.egg-info/requires.txt
[0.667s] writing top-level names to ../build/py_pubsub/py_pubsub.egg-info/top_level.txt
[0.667s] writing manifest file '../build/py_pubsub/py_pubsub.egg-info/SOURCES.txt'
[0.690s] reading manifest file '../build/py_pubsub/py_pubsub.egg-info/SOURCES.txt'
[0.690s] writing manifest file '../build/py_pubsub/py_pubsub.egg-info/SOURCES.txt'
[0.691s] running build
[0.691s] running build_py
[0.691s] creating /home/ros2/Ros2Projects/oom_ws/src/build/py_pubsub/build
[0.691s] creating /home/ros2/Ros2Projects/oom_ws/src/build/py_pubsub/build/lib
[0.692s] creating /home/ros2/Ros2Projects/oom_ws/src/build/py_pubsub/build/lib/py_pubsub
[0.692s] copying py_pubsub/minimal_publisher.py -> /home/ros2/Ros2Projects/oom_ws/src/build/py_pubsub/build/lib/py_pubsub
[0.693s] copying py_pubsub/__init__.py -> /home/ros2/Ros2Projects/oom_ws/src/build/py_pubsub/build/lib/py_pubsub
[0.693s] copying py_pubsub/minimal_subscriber.py -> /home/ros2/Ros2Projects/oom_ws/src/build/py_pubsub/build/lib/py_pubsub
[0.693s] running install
[0.693s] running install_lib
[0.693s] creating /home/ros2/Ros2Projects/oom_ws/src/install/py_pubsub/lib/python3.8/site-packages/py_pubsub
[0.694s] copying /home/ros2/Ros2Projects/oom_ws/src/build/py_pubsub/build/lib/py_pubsub/minimal_publisher.py -> /home/ros2/Ros2Projects/oom_ws/src/install/py_pubsub/lib/python3.8/site-packages/py_pubsub
[0.694s] copying /home/ros2/Ros2Projects/oom_ws/src/build/py_pubsub/build/lib/py_pubsub/__init__.py -> /home/ros2/Ros2Projects/oom_ws/src/install/py_pubsub/lib/python3.8/site-packages/py_pubsub
[0.694s] copying /home/ros2/Ros2Projects/oom_ws/src/build/py_pubsub/build/lib/py_pubsub/minimal_subscriber.py -> /home/ros2/Ros2Projects/oom_ws/src/install/py_pubsub/lib/python3.8/site-packages/py_pubsub
[0.694s] byte-compiling /home/ros2/Ros2Projects/oom_ws/src/install/py_pubsub/lib/python3.8/site-packages/py_pubsub/minimal_publisher.py to minimal_publisher.cpython-38.pyc
[0.695s] byte-compiling /home/ros2/Ros2Projects/oom_ws/src/install/py_pubsub/lib/python3.8/site-packages/py_pubsub/__init__.py to __init__.cpython-38.pyc
[0.695s] byte-compiling /home/ros2/Ros2Projects/oom_ws/src/install/py_pubsub/lib/python3.8/site-packages/py_pubsub/minimal_subscriber.py to minimal_subscriber.cpython-38.pyc
[0.695s] running install_data
[0.696s] creating /home/ros2/Ros2Projects/oom_ws/src/install/py_pubsub/share/ament_index
[0.696s] creating /home/ros2/Ros2Projects/oom_ws/src/install/py_pubsub/share/ament_index/resource_index
[0.696s] creating /home/ros2/Ros2Projects/oom_ws/src/install/py_pubsub/share/ament_index/resource_index/packages
[0.697s] copying resource/py_pubsub -> /home/ros2/Ros2Projects/oom_ws/src/install/py_pubsub/share/ament_index/resource_index/packages
[0.697s] copying package.xml -> /home/ros2/Ros2Projects/oom_ws/src/install/py_pubsub/share/py_pubsub
[0.697s] running install_egg_info
[0.698s] Copying ../build/py_pubsub/py_pubsub.egg-info to /home/ros2/Ros2Projects/oom_ws/src/install/py_pubsub/lib/python3.8/site-packages/py_pubsub-0.0.0-py3.8.egg-info
[0.699s] running install_scripts
[0.709s] Installing listener script to /home/ros2/Ros2Projects/oom_ws/src/install/py_pubsub/lib/py_pubsub
[0.709s] Installing talker script to /home/ros2/Ros2Projects/oom_ws/src/install/py_pubsub/lib/py_pubsub
[0.709s] writing list of installed files to '/home/ros2/Ros2Projects/oom_ws/src/build/py_pubsub/install.log'
[0.723s] Invoked command in '/home/ros2/Ros2Projects/oom_ws/src/py_pubsub' returned '0': PYTHONPATH=/home/ros2/Ros2Projects/oom_ws/src/install/py_pubsub/lib/python3.8/site-packages:${PYTHONPATH} /usr/bin/python3 setup.py egg_info --egg-base ../build/py_pubsub build --build-base /home/ros2/Ros2Projects/oom_ws/src/build/py_pubsub/build install --prefix /home/ros2/Ros2Projects/oom_ws/src/install/py_pubsub --record /home/ros2/Ros2Projects/oom_ws/src/build/py_pubsub/install.log --single-version-externally-managed
