[0.607s] Invoking command in '/home/ros2/Ros2Projects/oom_ws/src/py_pubsub': PYTHONPATH=/home/ros2/Ros2Projects/oom_ws/src/install/py_pubsub/lib/python3.8/site-packages:${PYTHONPATH} /usr/bin/python3 setup.py egg_info --egg-base ../build/py_pubsub build --build-base /home/ros2/Ros2Projects/oom_ws/src/build/py_pubsub/build install --prefix /home/ros2/Ros2Projects/oom_ws/src/install/py_pubsub --record /home/ros2/Ros2Projects/oom_ws/src/build/py_pubsub/install.log --single-version-externally-managed
[0.727s] running egg_info
[0.727s] writing ../build/py_pubsub/py_pubsub.egg-info/PKG-INFO
[0.727s] writing dependency_links to ../build/py_pubsub/py_pubsub.egg-info/dependency_links.txt
[0.727s] writing entry points to ../build/py_pubsub/py_pubsub.egg-info/entry_points.txt
[0.727s] writing requirements to ../build/py_pubsub/py_pubsub.egg-info/requires.txt
[0.727s] writing top-level names to ../build/py_pubsub/py_pubsub.egg-info/top_level.txt
[0.753s] reading manifest file '../build/py_pubsub/py_pubsub.egg-info/SOURCES.txt'
[0.754s] writing manifest file '../build/py_pubsub/py_pubsub.egg-info/SOURCES.txt'
[0.754s] running build
[0.754s] running build_py
[0.754s] running install
[0.755s] running install_lib
[0.756s] running install_data
[0.756s] running install_egg_info
[0.758s] removing '/home/ros2/Ros2Projects/oom_ws/src/install/py_pubsub/lib/python3.8/site-packages/py_pubsub-0.0.0-py3.8.egg-info' (and everything under it)
[0.758s] Copying ../build/py_pubsub/py_pubsub.egg-info to /home/ros2/Ros2Projects/oom_ws/src/install/py_pubsub/lib/python3.8/site-packages/py_pubsub-0.0.0-py3.8.egg-info
[0.759s] running install_scripts
[0.770s] Installing listener script to /home/ros2/Ros2Projects/oom_ws/src/install/py_pubsub/lib/py_pubsub
[0.770s] Installing talker script to /home/ros2/Ros2Projects/oom_ws/src/install/py_pubsub/lib/py_pubsub
[0.770s] writing list of installed files to '/home/ros2/Ros2Projects/oom_ws/src/build/py_pubsub/install.log'
[0.796s] Invoked command in '/home/ros2/Ros2Projects/oom_ws/src/py_pubsub' returned '0': PYTHONPATH=/home/ros2/Ros2Projects/oom_ws/src/install/py_pubsub/lib/python3.8/site-packages:${PYTHONPATH} /usr/bin/python3 setup.py egg_info --egg-base ../build/py_pubsub build --build-base /home/ros2/Ros2Projects/oom_ws/src/build/py_pubsub/build install --prefix /home/ros2/Ros2Projects/oom_ws/src/install/py_pubsub --record /home/ros2/Ros2Projects/oom_ws/src/build/py_pubsub/install.log --single-version-externally-managed
