[0.616s] Invoking command in '/home/ros2/Ros2Projects/oom_ws/src/ros2_term_project': PYTHONPATH=/home/ros2/Ros2Projects/oom_ws/src/install/ros2_term_project/lib/python3.8/site-packages:${PYTHONPATH} /usr/bin/python3 setup.py egg_info --egg-base ../build/ros2_term_project build --build-base /home/ros2/Ros2Projects/oom_ws/src/build/ros2_term_project/build install --prefix /home/ros2/Ros2Projects/oom_ws/src/install/ros2_term_project --record /home/ros2/Ros2Projects/oom_ws/src/build/ros2_term_project/install.log --single-version-externally-managed
[0.733s] running egg_info
[0.733s] writing ../build/ros2_term_project/ros2_term_project.egg-info/PKG-INFO
[0.733s] writing dependency_links to ../build/ros2_term_project/ros2_term_project.egg-info/dependency_links.txt
[0.734s] writing entry points to ../build/ros2_term_project/ros2_term_project.egg-info/entry_points.txt
[0.734s] writing requirements to ../build/ros2_term_project/ros2_term_project.egg-info/requires.txt
[0.734s] writing top-level names to ../build/ros2_term_project/ros2_term_project.egg-info/top_level.txt
[0.763s] reading manifest file '../build/ros2_term_project/ros2_term_project.egg-info/SOURCES.txt'
[0.764s] writing manifest file '../build/ros2_term_project/ros2_term_project.egg-info/SOURCES.txt'
[0.764s] running build
[0.764s] running build_py
[0.764s] copying ros2_term_project/move_box.py -> /home/ros2/Ros2Projects/oom_ws/src/build/ros2_term_project/build/lib/ros2_term_project
[0.765s] copying ros2_term_project/move_actor.py -> /home/ros2/Ros2Projects/oom_ws/src/build/ros2_term_project/build/lib/ros2_term_project
[0.765s] running install
[0.765s] running install_lib
[0.766s] copying /home/ros2/Ros2Projects/oom_ws/src/build/ros2_term_project/build/lib/ros2_term_project/move_box.py -> /home/ros2/Ros2Projects/oom_ws/src/install/ros2_term_project/lib/python3.8/site-packages/ros2_term_project
[0.766s] copying /home/ros2/Ros2Projects/oom_ws/src/build/ros2_term_project/build/lib/ros2_term_project/move_actor.py -> /home/ros2/Ros2Projects/oom_ws/src/install/ros2_term_project/lib/python3.8/site-packages/ros2_term_project
[0.767s] byte-compiling /home/ros2/Ros2Projects/oom_ws/src/install/ros2_term_project/lib/python3.8/site-packages/ros2_term_project/move_box.py to move_box.cpython-38.pyc
[0.768s] byte-compiling /home/ros2/Ros2Projects/oom_ws/src/install/ros2_term_project/lib/python3.8/site-packages/ros2_term_project/move_actor.py to move_actor.cpython-38.pyc
[0.768s] running install_data
[0.769s] copying launch/car_sim.launch.py -> /home/ros2/Ros2Projects/oom_ws/src/install/ros2_term_project/share/ros2_term_project/launch
[0.769s] copying worlds/car_track.world -> /home/ros2/Ros2Projects/oom_ws/src/install/ros2_term_project/share/ros2_term_project/worlds
[0.769s] running install_egg_info
[0.770s] removing '/home/ros2/Ros2Projects/oom_ws/src/install/ros2_term_project/lib/python3.8/site-packages/ros2_term_project-0.0.0-py3.8.egg-info' (and everything under it)
[0.771s] Copying ../build/ros2_term_project/ros2_term_project.egg-info to /home/ros2/Ros2Projects/oom_ws/src/install/ros2_term_project/lib/python3.8/site-packages/ros2_term_project-0.0.0-py3.8.egg-info
[0.772s] running install_scripts
[0.782s] Installing move_box script to /home/ros2/Ros2Projects/oom_ws/src/install/ros2_term_project/lib/ros2_term_project
[0.782s] Installing move_pedestrian script to /home/ros2/Ros2Projects/oom_ws/src/install/ros2_term_project/lib/ros2_term_project
[0.783s] writing list of installed files to '/home/ros2/Ros2Projects/oom_ws/src/build/ros2_term_project/install.log'
[0.806s] Invoked command in '/home/ros2/Ros2Projects/oom_ws/src/ros2_term_project' returned '0': PYTHONPATH=/home/ros2/Ros2Projects/oom_ws/src/install/ros2_term_project/lib/python3.8/site-packages:${PYTHONPATH} /usr/bin/python3 setup.py egg_info --egg-base ../build/ros2_term_project build --build-base /home/ros2/Ros2Projects/oom_ws/src/build/ros2_term_project/build install --prefix /home/ros2/Ros2Projects/oom_ws/src/install/ros2_term_project --record /home/ros2/Ros2Projects/oom_ws/src/build/ros2_term_project/install.log --single-version-externally-managed
