[0.537s] Invoking command in '/home/ros2/Ros2Projects/oom_ws/src/ros2_term_project': PYTHONPATH=/home/ros2/Ros2Projects/oom_ws/src/install/ros2_term_project/lib/python3.8/site-packages:${PYTHONPATH} /usr/bin/python3 setup.py egg_info --egg-base ../build/ros2_term_project build --build-base /home/ros2/Ros2Projects/oom_ws/src/build/ros2_term_project/build install --prefix /home/ros2/Ros2Projects/oom_ws/src/install/ros2_term_project --record /home/ros2/Ros2Projects/oom_ws/src/build/ros2_term_project/install.log --single-version-externally-managed
[0.655s] running egg_info
[0.656s] creating ../build/ros2_term_project/ros2_term_project.egg-info
[0.656s] writing ../build/ros2_term_project/ros2_term_project.egg-info/PKG-INFO
[0.657s] writing dependency_links to ../build/ros2_term_project/ros2_term_project.egg-info/dependency_links.txt
[0.657s] writing entry points to ../build/ros2_term_project/ros2_term_project.egg-info/entry_points.txt
[0.657s] writing requirements to ../build/ros2_term_project/ros2_term_project.egg-info/requires.txt
[0.657s] writing top-level names to ../build/ros2_term_project/ros2_term_project.egg-info/top_level.txt
[0.657s] writing manifest file '../build/ros2_term_project/ros2_term_project.egg-info/SOURCES.txt'
[0.681s] reading manifest file '../build/ros2_term_project/ros2_term_project.egg-info/SOURCES.txt'
[0.681s] writing manifest file '../build/ros2_term_project/ros2_term_project.egg-info/SOURCES.txt'
[0.682s] running build
[0.682s] running build_py
[0.682s] creating /home/ros2/Ros2Projects/oom_ws/src/build/ros2_term_project/build
[0.682s] creating /home/ros2/Ros2Projects/oom_ws/src/build/ros2_term_project/build/lib
[0.682s] creating /home/ros2/Ros2Projects/oom_ws/src/build/ros2_term_project/build/lib/ros2_term_project
[0.682s] copying ros2_term_project/move_box.py -> /home/ros2/Ros2Projects/oom_ws/src/build/ros2_term_project/build/lib/ros2_term_project
[0.682s] copying ros2_term_project/__init__.py -> /home/ros2/Ros2Projects/oom_ws/src/build/ros2_term_project/build/lib/ros2_term_project
[0.683s] running install
[0.683s] running install_lib
[0.684s] creating /home/ros2/Ros2Projects/oom_ws/src/install/ros2_term_project/lib/python3.8/site-packages/ros2_term_project
[0.684s] copying /home/ros2/Ros2Projects/oom_ws/src/build/ros2_term_project/build/lib/ros2_term_project/move_box.py -> /home/ros2/Ros2Projects/oom_ws/src/install/ros2_term_project/lib/python3.8/site-packages/ros2_term_project
[0.684s] copying /home/ros2/Ros2Projects/oom_ws/src/build/ros2_term_project/build/lib/ros2_term_project/__init__.py -> /home/ros2/Ros2Projects/oom_ws/src/install/ros2_term_project/lib/python3.8/site-packages/ros2_term_project
[0.684s] byte-compiling /home/ros2/Ros2Projects/oom_ws/src/install/ros2_term_project/lib/python3.8/site-packages/ros2_term_project/move_box.py to move_box.cpython-38.pyc
[0.685s] byte-compiling /home/ros2/Ros2Projects/oom_ws/src/install/ros2_term_project/lib/python3.8/site-packages/ros2_term_project/__init__.py to __init__.cpython-38.pyc
[0.685s] running install_data
[0.686s] creating /home/ros2/Ros2Projects/oom_ws/src/install/ros2_term_project/share/ament_index
[0.686s] creating /home/ros2/Ros2Projects/oom_ws/src/install/ros2_term_project/share/ament_index/resource_index
[0.686s] creating /home/ros2/Ros2Projects/oom_ws/src/install/ros2_term_project/share/ament_index/resource_index/packages
[0.687s] copying resource/ros2_term_project -> /home/ros2/Ros2Projects/oom_ws/src/install/ros2_term_project/share/ament_index/resource_index/packages
[0.687s] copying package.xml -> /home/ros2/Ros2Projects/oom_ws/src/install/ros2_term_project/share/ros2_term_project
[0.687s] creating /home/ros2/Ros2Projects/oom_ws/src/install/ros2_term_project/share/ros2_term_project/launch
[0.687s] copying launch/car_sim.launch.py -> /home/ros2/Ros2Projects/oom_ws/src/install/ros2_term_project/share/ros2_term_project/launch
[0.688s] creating /home/ros2/Ros2Projects/oom_ws/src/install/ros2_term_project/share/ros2_term_project/worlds
[0.688s] copying worlds/ros2_car_track.png -> /home/ros2/Ros2Projects/oom_ws/src/install/ros2_term_project/share/ros2_term_project/worlds
[0.688s] copying worlds/course.material -> /home/ros2/Ros2Projects/oom_ws/src/install/ros2_term_project/share/ros2_term_project/worlds
[0.688s] copying worlds/car_track.world.2 -> /home/ros2/Ros2Projects/oom_ws/src/install/ros2_term_project/share/ros2_term_project/worlds
[0.688s] copying worlds/car_track.world -> /home/ros2/Ros2Projects/oom_ws/src/install/ros2_term_project/share/ros2_term_project/worlds
[0.688s] copying worlds/car_track.world.0 -> /home/ros2/Ros2Projects/oom_ws/src/install/ros2_term_project/share/ros2_term_project/worlds
[0.688s] copying worlds/car_track.world.1 -> /home/ros2/Ros2Projects/oom_ws/src/install/ros2_term_project/share/ros2_term_project/worlds
[0.688s] copying worlds/ros2_car_track_thick_lines.png -> /home/ros2/Ros2Projects/oom_ws/src/install/ros2_term_project/share/ros2_term_project/worlds
[0.689s] running install_egg_info
[0.689s] Copying ../build/ros2_term_project/ros2_term_project.egg-info to /home/ros2/Ros2Projects/oom_ws/src/install/ros2_term_project/lib/python3.8/site-packages/ros2_term_project-0.0.0-py3.8.egg-info
[0.690s] running install_scripts
[0.700s] Installing move_box script to /home/ros2/Ros2Projects/oom_ws/src/install/ros2_term_project/lib/ros2_term_project
[0.700s] writing list of installed files to '/home/ros2/Ros2Projects/oom_ws/src/build/ros2_term_project/install.log'
[0.727s] Invoked command in '/home/ros2/Ros2Projects/oom_ws/src/ros2_term_project' returned '0': PYTHONPATH=/home/ros2/Ros2Projects/oom_ws/src/install/ros2_term_project/lib/python3.8/site-packages:${PYTHONPATH} /usr/bin/python3 setup.py egg_info --egg-base ../build/ros2_term_project build --build-base /home/ros2/Ros2Projects/oom_ws/src/build/ros2_term_project/build install --prefix /home/ros2/Ros2Projects/oom_ws/src/install/ros2_term_project --record /home/ros2/Ros2Projects/oom_ws/src/build/ros2_term_project/install.log --single-version-externally-managed
