[0.161s] DEBUG:colcon:Command line arguments: ['/bin/colcon', 'build', '--packages-select', 'py_custom_msg_test']
[0.161s] DEBUG:colcon:Parsed command line arguments: Namespace(allow_overriding=[], ament_cmake_args=None, base_paths=['.'], build_base='build', catkin_cmake_args=None, catkin_skip_building_tests=False, cmake_args=None, cmake_clean_cache=False, cmake_clean_first=False, cmake_force_configure=False, cmake_target=None, cmake_target_skip_unavailable=False, continue_on_error=False, event_handlers=None, executor='parallel', ignore_user_meta=False, install_base='install', log_base=None, log_level=None, main=<bound method BuildVerb.main of <colcon_core.verb.build.BuildVerb object at 0x7f246655f8b0>>, merge_install=False, metas=['./colcon.meta'], packages_above=None, packages_above_and_dependencies=None, packages_above_depth=None, packages_end=None, packages_ignore=None, packages_ignore_regex=None, packages_select=['py_custom_msg_test'], packages_select_build_failed=False, packages_select_by_dep=None, packages_select_regex=None, packages_select_test_failures=False, packages_skip=None, packages_skip_build_finished=False, packages_skip_by_dep=None, packages_skip_regex=None, packages_skip_test_passed=False, packages_skip_up_to=None, packages_start=None, packages_up_to=None, packages_up_to_regex=None, parallel_workers=16, paths=None, symlink_install=False, test_result_base=None, verb_extension=<colcon_core.verb.build.BuildVerb object at 0x7f246655f8b0>, verb_name='build', verb_parser=<colcon_defaults.argument_parser.defaults.DefaultArgumentsDecorator object at 0x7f246655fe20>)
[0.192s] Level 1:colcon.colcon_core.package_discovery:discover_packages(colcon_meta) check parameters
[0.192s] Level 1:colcon.colcon_core.package_discovery:discover_packages(recursive) check parameters
[0.192s] Level 1:colcon.colcon_core.package_discovery:discover_packages(ignore) check parameters
[0.192s] Level 1:colcon.colcon_core.package_discovery:discover_packages(path) check parameters
[0.192s] Level 1:colcon.colcon_core.package_discovery:discover_packages(colcon_meta) discover
[0.192s] Level 1:colcon.colcon_core.package_discovery:discover_packages(recursive) discover
[0.192s] INFO:colcon.colcon_core.package_discovery:Crawling recursively for packages in '/home/ros2/Ros2Projects/oom_ws'
[0.192s] Level 1:colcon.colcon_core.package_identification:_identify(.) by extensions ['ignore', 'ignore_ament_install']
[0.192s] Level 1:colcon.colcon_core.package_identification:_identify(.) by extension 'ignore'
[0.192s] Level 1:colcon.colcon_core.package_identification:_identify(.) by extension 'ignore_ament_install'
[0.192s] Level 1:colcon.colcon_core.package_identification:_identify(.) by extensions ['colcon_pkg']
[0.192s] Level 1:colcon.colcon_core.package_identification:_identify(.) by extension 'colcon_pkg'
[0.192s] Level 1:colcon.colcon_core.package_identification:_identify(.) by extensions ['colcon_meta']
[0.192s] Level 1:colcon.colcon_core.package_identification:_identify(.) by extension 'colcon_meta'
[0.192s] Level 1:colcon.colcon_core.package_identification:_identify(.) by extensions ['ros']
[0.192s] Level 1:colcon.colcon_core.package_identification:_identify(.) by extension 'ros'
[0.202s] Level 1:colcon.colcon_core.package_identification:_identify(.) by extensions ['cmake', 'python']
[0.202s] Level 1:colcon.colcon_core.package_identification:_identify(.) by extension 'cmake'
[0.202s] Level 1:colcon.colcon_core.package_identification:_identify(.) by extension 'python'
[0.202s] Level 1:colcon.colcon_core.package_identification:_identify(.) by extensions ['python_setup_py']
[0.202s] Level 1:colcon.colcon_core.package_identification:_identify(.) by extension 'python_setup_py'
[0.203s] Level 1:colcon.colcon_core.package_identification:_identify(build) by extensions ['ignore', 'ignore_ament_install']
[0.203s] Level 1:colcon.colcon_core.package_identification:_identify(build) by extension 'ignore'
[0.203s] Level 1:colcon.colcon_core.package_identification:_identify(build) ignored
[0.203s] Level 1:colcon.colcon_core.package_identification:_identify(install) by extensions ['ignore', 'ignore_ament_install']
[0.203s] Level 1:colcon.colcon_core.package_identification:_identify(install) by extension 'ignore'
[0.203s] Level 1:colcon.colcon_core.package_identification:_identify(install) ignored
[0.203s] Level 1:colcon.colcon_core.package_identification:_identify(log) by extensions ['ignore', 'ignore_ament_install']
[0.203s] Level 1:colcon.colcon_core.package_identification:_identify(log) by extension 'ignore'
[0.203s] Level 1:colcon.colcon_core.package_identification:_identify(log) ignored
[0.203s] Level 1:colcon.colcon_core.package_identification:_identify(src) by extensions ['ignore', 'ignore_ament_install']
[0.203s] Level 1:colcon.colcon_core.package_identification:_identify(src) by extension 'ignore'
[0.203s] Level 1:colcon.colcon_core.package_identification:_identify(src) by extension 'ignore_ament_install'
[0.203s] Level 1:colcon.colcon_core.package_identification:_identify(src) by extensions ['colcon_pkg']
[0.203s] Level 1:colcon.colcon_core.package_identification:_identify(src) by extension 'colcon_pkg'
[0.203s] Level 1:colcon.colcon_core.package_identification:_identify(src) by extensions ['colcon_meta']
[0.203s] Level 1:colcon.colcon_core.package_identification:_identify(src) by extension 'colcon_meta'
[0.203s] Level 1:colcon.colcon_core.package_identification:_identify(src) by extensions ['ros']
[0.204s] Level 1:colcon.colcon_core.package_identification:_identify(src) by extension 'ros'
[0.204s] Level 1:colcon.colcon_core.package_identification:_identify(src) by extensions ['cmake', 'python']
[0.204s] Level 1:colcon.colcon_core.package_identification:_identify(src) by extension 'cmake'
[0.204s] Level 1:colcon.colcon_core.package_identification:_identify(src) by extension 'python'
[0.204s] Level 1:colcon.colcon_core.package_identification:_identify(src) by extensions ['python_setup_py']
[0.204s] Level 1:colcon.colcon_core.package_identification:_identify(src) by extension 'python_setup_py'
[0.204s] Level 1:colcon.colcon_core.package_identification:_identify(src/custom_interface) by extensions ['ignore', 'ignore_ament_install']
[0.204s] Level 1:colcon.colcon_core.package_identification:_identify(src/custom_interface) by extension 'ignore'
[0.204s] Level 1:colcon.colcon_core.package_identification:_identify(src/custom_interface) by extension 'ignore_ament_install'
[0.204s] Level 1:colcon.colcon_core.package_identification:_identify(src/custom_interface) by extensions ['colcon_pkg']
[0.204s] Level 1:colcon.colcon_core.package_identification:_identify(src/custom_interface) by extension 'colcon_pkg'
[0.204s] Level 1:colcon.colcon_core.package_identification:_identify(src/custom_interface) by extensions ['colcon_meta']
[0.204s] Level 1:colcon.colcon_core.package_identification:_identify(src/custom_interface) by extension 'colcon_meta'
[0.204s] Level 1:colcon.colcon_core.package_identification:_identify(src/custom_interface) by extensions ['ros']
[0.204s] Level 1:colcon.colcon_core.package_identification:_identify(src/custom_interface) by extension 'ros'
[0.207s] DEBUG:colcon.colcon_core.package_identification:Package 'src/custom_interface' with type 'ros.ament_cmake' and name 'custom_interface'
[0.207s] Level 1:colcon.colcon_core.package_identification:_identify(src/py_custom_msg_test) by extensions ['ignore', 'ignore_ament_install']
[0.207s] Level 1:colcon.colcon_core.package_identification:_identify(src/py_custom_msg_test) by extension 'ignore'
[0.207s] Level 1:colcon.colcon_core.package_identification:_identify(src/py_custom_msg_test) by extension 'ignore_ament_install'
[0.207s] Level 1:colcon.colcon_core.package_identification:_identify(src/py_custom_msg_test) by extensions ['colcon_pkg']
[0.207s] Level 1:colcon.colcon_core.package_identification:_identify(src/py_custom_msg_test) by extension 'colcon_pkg'
[0.207s] Level 1:colcon.colcon_core.package_identification:_identify(src/py_custom_msg_test) by extensions ['colcon_meta']
[0.207s] Level 1:colcon.colcon_core.package_identification:_identify(src/py_custom_msg_test) by extension 'colcon_meta'
[0.207s] Level 1:colcon.colcon_core.package_identification:_identify(src/py_custom_msg_test) by extensions ['ros']
[0.207s] Level 1:colcon.colcon_core.package_identification:_identify(src/py_custom_msg_test) by extension 'ros'
[0.208s] DEBUG:colcon.colcon_core.package_identification:Package 'src/py_custom_msg_test' with type 'ros.ament_python' and name 'py_custom_msg_test'
[0.208s] Level 1:colcon.colcon_core.package_identification:_identify(src/py_pubsub) by extensions ['ignore', 'ignore_ament_install']
[0.208s] Level 1:colcon.colcon_core.package_identification:_identify(src/py_pubsub) by extension 'ignore'
[0.208s] Level 1:colcon.colcon_core.package_identification:_identify(src/py_pubsub) by extension 'ignore_ament_install'
[0.208s] Level 1:colcon.colcon_core.package_identification:_identify(src/py_pubsub) by extensions ['colcon_pkg']
[0.208s] Level 1:colcon.colcon_core.package_identification:_identify(src/py_pubsub) by extension 'colcon_pkg'
[0.208s] Level 1:colcon.colcon_core.package_identification:_identify(src/py_pubsub) by extensions ['colcon_meta']
[0.208s] Level 1:colcon.colcon_core.package_identification:_identify(src/py_pubsub) by extension 'colcon_meta'
[0.208s] Level 1:colcon.colcon_core.package_identification:_identify(src/py_pubsub) by extensions ['ros']
[0.208s] Level 1:colcon.colcon_core.package_identification:_identify(src/py_pubsub) by extension 'ros'
[0.209s] DEBUG:colcon.colcon_core.package_identification:Package 'src/py_pubsub' with type 'ros.ament_python' and name 'py_pubsub'
[0.209s] Level 1:colcon.colcon_core.package_discovery:discover_packages(recursive) using defaults
[0.209s] Level 1:colcon.colcon_core.package_discovery:discover_packages(ignore) discover
[0.209s] Level 1:colcon.colcon_core.package_discovery:discover_packages(ignore) using defaults
[0.209s] Level 1:colcon.colcon_core.package_discovery:discover_packages(path) discover
[0.209s] Level 1:colcon.colcon_core.package_discovery:discover_packages(path) using defaults
[0.227s] INFO:colcon.colcon_core.package_selection:Skipping not selected package 'custom_interface' in 'src/custom_interface'
[0.227s] INFO:colcon.colcon_core.package_selection:Skipping not selected package 'py_pubsub' in 'src/py_pubsub'
[0.228s] Level 1:colcon.colcon_core.package_discovery:discover_packages(prefix_path) check parameters
[0.228s] Level 1:colcon.colcon_core.package_discovery:discover_packages(prefix_path) discover
[0.233s] DEBUG:colcon.colcon_installed_package_information.package_discovery:Found 409 installed packages in /opt/ros/foxy
[0.240s] Level 1:colcon.colcon_core.package_discovery:discover_packages(prefix_path) using defaults
[0.365s] Level 5:colcon.colcon_core.verb:set package 'py_custom_msg_test' build argument 'cmake_args' from command line to 'None'
[0.365s] Level 5:colcon.colcon_core.verb:set package 'py_custom_msg_test' build argument 'cmake_target' from command line to 'None'
[0.365s] Level 5:colcon.colcon_core.verb:set package 'py_custom_msg_test' build argument 'cmake_target_skip_unavailable' from command line to 'False'
[0.365s] Level 5:colcon.colcon_core.verb:set package 'py_custom_msg_test' build argument 'cmake_clean_cache' from command line to 'False'
[0.365s] Level 5:colcon.colcon_core.verb:set package 'py_custom_msg_test' build argument 'cmake_clean_first' from command line to 'False'
[0.365s] Level 5:colcon.colcon_core.verb:set package 'py_custom_msg_test' build argument 'cmake_force_configure' from command line to 'False'
[0.365s] Level 5:colcon.colcon_core.verb:set package 'py_custom_msg_test' build argument 'ament_cmake_args' from command line to 'None'
[0.365s] Level 5:colcon.colcon_core.verb:set package 'py_custom_msg_test' build argument 'catkin_cmake_args' from command line to 'None'
[0.365s] Level 5:colcon.colcon_core.verb:set package 'py_custom_msg_test' build argument 'catkin_skip_building_tests' from command line to 'False'
[0.365s] DEBUG:colcon.colcon_core.verb:Building package 'py_custom_msg_test' with the following arguments: {'ament_cmake_args': None, 'build_base': '/home/ros2/Ros2Projects/oom_ws/build/py_custom_msg_test', 'catkin_cmake_args': None, 'catkin_skip_building_tests': False, 'cmake_args': None, 'cmake_clean_cache': False, 'cmake_clean_first': False, 'cmake_force_configure': False, 'cmake_target': None, 'cmake_target_skip_unavailable': False, 'install_base': '/home/ros2/Ros2Projects/oom_ws/install/py_custom_msg_test', 'merge_install': False, 'path': '/home/ros2/Ros2Projects/oom_ws/src/py_custom_msg_test', 'symlink_install': False, 'test_result_base': None}
[0.366s] INFO:colcon.colcon_core.executor:Executing jobs using 'parallel' executor
[0.369s] DEBUG:colcon.colcon_parallel_executor.executor.parallel:run_until_complete
[0.369s] INFO:colcon.colcon_ros.task.ament_python.build:Building ROS package in '/home/ros2/Ros2Projects/oom_ws/src/py_custom_msg_test' with build type 'ament_python'
[0.369s] Level 1:colcon.colcon_core.shell:create_environment_hook('py_custom_msg_test', 'ament_prefix_path')
[0.374s] INFO:colcon.colcon_core.plugin_system:Skipping extension 'colcon_core.shell.bat': Not used on non-Windows systems
[0.374s] INFO:colcon.colcon_core.shell:Creating environment hook '/home/ros2/Ros2Projects/oom_ws/install/py_custom_msg_test/share/py_custom_msg_test/hook/ament_prefix_path.ps1'
[0.376s] INFO:colcon.colcon_core.shell:Creating environment descriptor '/home/ros2/Ros2Projects/oom_ws/install/py_custom_msg_test/share/py_custom_msg_test/hook/ament_prefix_path.dsv'
[0.376s] INFO:colcon.colcon_core.shell:Creating environment hook '/home/ros2/Ros2Projects/oom_ws/install/py_custom_msg_test/share/py_custom_msg_test/hook/ament_prefix_path.sh'
[0.378s] INFO:colcon.colcon_core.shell:Skip shell extension 'powershell' for command environment: Not usable outside of PowerShell
[0.378s] DEBUG:colcon.colcon_core.shell:Skip shell extension 'dsv' for command environment
[0.524s] INFO:colcon.colcon_core.task.python.build:Building Python package in '/home/ros2/Ros2Projects/oom_ws/src/py_custom_msg_test'
[0.525s] INFO:colcon.colcon_core.shell:Skip shell extension 'powershell' for command environment: Not usable outside of PowerShell
[0.525s] DEBUG:colcon.colcon_core.shell:Skip shell extension 'dsv' for command environment
[0.798s] DEBUG:colcon.colcon_core.event_handler.log_command:Invoking command in '/home/ros2/Ros2Projects/oom_ws/src/py_custom_msg_test': AMENT_PREFIX_PATH=/home/ros2/Ros2Projects/oom_ws/install/custom_interface:${AMENT_PREFIX_PATH} CMAKE_PREFIX_PATH=/home/ros2/Ros2Projects/oom_ws/install/custom_interface LD_LIBRARY_PATH=/home/ros2/Ros2Projects/oom_ws/install/custom_interface/lib:${LD_LIBRARY_PATH} PYTHONPATH=/home/ros2/Ros2Projects/oom_ws/install/py_custom_msg_test/lib/python3.8/site-packages:/home/ros2/Ros2Projects/oom_ws/install/custom_interface/lib/python3.8/site-packages:${PYTHONPATH} /usr/bin/python3 setup.py egg_info --egg-base ../../build/py_custom_msg_test build --build-base /home/ros2/Ros2Projects/oom_ws/build/py_custom_msg_test/build install --prefix /home/ros2/Ros2Projects/oom_ws/install/py_custom_msg_test --record /home/ros2/Ros2Projects/oom_ws/build/py_custom_msg_test/install.log --single-version-externally-managed
[0.977s] DEBUG:colcon.colcon_core.event_handler.log_command:Invoked command in '/home/ros2/Ros2Projects/oom_ws/src/py_custom_msg_test' returned '0': AMENT_PREFIX_PATH=/home/ros2/Ros2Projects/oom_ws/install/custom_interface:${AMENT_PREFIX_PATH} CMAKE_PREFIX_PATH=/home/ros2/Ros2Projects/oom_ws/install/custom_interface LD_LIBRARY_PATH=/home/ros2/Ros2Projects/oom_ws/install/custom_interface/lib:${LD_LIBRARY_PATH} PYTHONPATH=/home/ros2/Ros2Projects/oom_ws/install/py_custom_msg_test/lib/python3.8/site-packages:/home/ros2/Ros2Projects/oom_ws/install/custom_interface/lib/python3.8/site-packages:${PYTHONPATH} /usr/bin/python3 setup.py egg_info --egg-base ../../build/py_custom_msg_test build --build-base /home/ros2/Ros2Projects/oom_ws/build/py_custom_msg_test/build install --prefix /home/ros2/Ros2Projects/oom_ws/install/py_custom_msg_test --record /home/ros2/Ros2Projects/oom_ws/build/py_custom_msg_test/install.log --single-version-externally-managed
[0.982s] Level 1:colcon.colcon_core.environment:checking '/home/ros2/Ros2Projects/oom_ws/install/py_custom_msg_test' for CMake module files
[0.983s] Level 1:colcon.colcon_core.environment:checking '/home/ros2/Ros2Projects/oom_ws/install/py_custom_msg_test' for CMake config files
[0.983s] Level 1:colcon.colcon_core.environment:checking '/home/ros2/Ros2Projects/oom_ws/install/py_custom_msg_test/lib'
[0.983s] Level 1:colcon.colcon_core.environment:checking '/home/ros2/Ros2Projects/oom_ws/install/py_custom_msg_test/bin'
[0.983s] Level 1:colcon.colcon_core.environment:checking '/home/ros2/Ros2Projects/oom_ws/install/py_custom_msg_test/lib/pkgconfig/py_custom_msg_test.pc'
[0.984s] Level 1:colcon.colcon_core.environment:checking '/home/ros2/Ros2Projects/oom_ws/install/py_custom_msg_test/lib/python3.8/site-packages'
[0.984s] Level 1:colcon.colcon_core.shell:create_environment_hook('py_custom_msg_test', 'pythonpath')
[0.985s] INFO:colcon.colcon_core.shell:Creating environment hook '/home/ros2/Ros2Projects/oom_ws/install/py_custom_msg_test/share/py_custom_msg_test/hook/pythonpath.ps1'
[0.985s] INFO:colcon.colcon_core.shell:Creating environment descriptor '/home/ros2/Ros2Projects/oom_ws/install/py_custom_msg_test/share/py_custom_msg_test/hook/pythonpath.dsv'
[0.985s] INFO:colcon.colcon_core.shell:Creating environment hook '/home/ros2/Ros2Projects/oom_ws/install/py_custom_msg_test/share/py_custom_msg_test/hook/pythonpath.sh'
[0.985s] Level 1:colcon.colcon_core.environment:checking '/home/ros2/Ros2Projects/oom_ws/install/py_custom_msg_test/bin'
[0.985s] Level 1:colcon.colcon_core.environment:create_environment_scripts_only(py_custom_msg_test)
[0.986s] INFO:colcon.colcon_core.shell:Creating package script '/home/ros2/Ros2Projects/oom_ws/install/py_custom_msg_test/share/py_custom_msg_test/package.ps1'
[0.987s] INFO:colcon.colcon_core.shell:Creating package descriptor '/home/ros2/Ros2Projects/oom_ws/install/py_custom_msg_test/share/py_custom_msg_test/package.dsv'
[0.987s] INFO:colcon.colcon_core.shell:Creating package script '/home/ros2/Ros2Projects/oom_ws/install/py_custom_msg_test/share/py_custom_msg_test/package.sh'
[0.988s] INFO:colcon.colcon_core.shell:Creating package script '/home/ros2/Ros2Projects/oom_ws/install/py_custom_msg_test/share/py_custom_msg_test/package.bash'
[0.989s] INFO:colcon.colcon_core.shell:Creating package script '/home/ros2/Ros2Projects/oom_ws/install/py_custom_msg_test/share/py_custom_msg_test/package.zsh'
[0.989s] Level 1:colcon.colcon_core.environment:create_file_with_runtime_dependencies(/home/ros2/Ros2Projects/oom_ws/install/py_custom_msg_test/share/colcon-core/packages/py_custom_msg_test)
[0.990s] DEBUG:colcon.colcon_parallel_executor.executor.parallel:closing loop
[0.990s] DEBUG:colcon.colcon_parallel_executor.executor.parallel:loop closed
[0.990s] DEBUG:colcon.colcon_parallel_executor.executor.parallel:run_until_complete finished with '0'
[0.990s] DEBUG:colcon.colcon_core.event_reactor:joining thread
[1.000s] INFO:colcon.colcon_core.plugin_system:Skipping extension 'colcon_notification.desktop_notification.notify_send': Could not find 'notify-send'
[1.000s] INFO:colcon.colcon_core.plugin_system:Skipping extension 'colcon_notification.desktop_notification.terminal_notifier': Not used on non-Darwin systems
[1.000s] INFO:colcon.colcon_core.plugin_system:Skipping extension 'colcon_notification.desktop_notification.win32': Not used on non-Windows systems
[1.000s] INFO:colcon.colcon_notification.desktop_notification:Sending desktop notification using 'notify2'
[1.120s] DEBUG:colcon.colcon_core.event_reactor:joined thread
[1.121s] INFO:colcon.colcon_core.shell:Creating prefix script '/home/ros2/Ros2Projects/oom_ws/install/local_setup.ps1'
[1.122s] INFO:colcon.colcon_core.shell:Creating prefix util module '/home/ros2/Ros2Projects/oom_ws/install/_local_setup_util_ps1.py'
[1.124s] INFO:colcon.colcon_core.shell:Creating prefix chain script '/home/ros2/Ros2Projects/oom_ws/install/setup.ps1'
[1.125s] INFO:colcon.colcon_core.shell:Creating prefix script '/home/ros2/Ros2Projects/oom_ws/install/local_setup.sh'
[1.125s] INFO:colcon.colcon_core.shell:Creating prefix util module '/home/ros2/Ros2Projects/oom_ws/install/_local_setup_util_sh.py'
[1.126s] INFO:colcon.colcon_core.shell:Creating prefix chain script '/home/ros2/Ros2Projects/oom_ws/install/setup.sh'
[1.127s] INFO:colcon.colcon_core.shell:Creating prefix script '/home/ros2/Ros2Projects/oom_ws/install/local_setup.bash'
[1.127s] INFO:colcon.colcon_core.shell:Creating prefix chain script '/home/ros2/Ros2Projects/oom_ws/install/setup.bash'
[1.128s] INFO:colcon.colcon_core.shell:Creating prefix script '/home/ros2/Ros2Projects/oom_ws/install/local_setup.zsh'
[1.129s] INFO:colcon.colcon_core.shell:Creating prefix chain script '/home/ros2/Ros2Projects/oom_ws/install/setup.zsh'
