[0.373s] Invoking command in '/home/ros2/Ros2Projects/oom_ws/src/ros2_term_project': PYTHONPATH=/home/ros2/Ros2Projects/oom_ws/src/install/ros2_term_project/lib/python3.8/site-packages:${PYTHONPATH} /usr/bin/python3 setup.py egg_info --egg-base ../build/ros2_term_project build --build-base /home/ros2/Ros2Projects/oom_ws/src/build/ros2_term_project/build install --prefix /home/ros2/Ros2Projects/oom_ws/src/install/ros2_term_project --record /home/ros2/Ros2Projects/oom_ws/src/build/ros2_term_project/install.log --single-version-externally-managed
[0.489s] running egg_info
[0.489s] writing ../build/ros2_term_project/ros2_term_project.egg-info/PKG-INFO
[0.489s] writing dependency_links to ../build/ros2_term_project/ros2_term_project.egg-info/dependency_links.txt
[0.489s] writing entry points to ../build/ros2_term_project/ros2_term_project.egg-info/entry_points.txt
[0.490s] writing requirements to ../build/ros2_term_project/ros2_term_project.egg-info/requires.txt
[0.490s] writing top-level names to ../build/ros2_term_project/ros2_term_project.egg-info/top_level.txt
[0.513s] reading manifest file '../build/ros2_term_project/ros2_term_project.egg-info/SOURCES.txt'
[0.513s] writing manifest file '../build/ros2_term_project/ros2_term_project.egg-info/SOURCES.txt'
[0.514s] running build
[0.514s] running build_py
[0.514s] copying ros2_term_project/move_box.py -> /home/ros2/Ros2Projects/oom_ws/src/build/ros2_term_project/build/lib/ros2_term_project
[0.514s] running install
[0.514s] running install_lib
[0.515s] copying /home/ros2/Ros2Projects/oom_ws/src/build/ros2_term_project/build/lib/ros2_term_project/move_box.py -> /home/ros2/Ros2Projects/oom_ws/src/install/ros2_term_project/lib/python3.8/site-packages/ros2_term_project
[0.515s] byte-compiling /home/ros2/Ros2Projects/oom_ws/src/install/ros2_term_project/lib/python3.8/site-packages/ros2_term_project/move_box.py to move_box.cpython-38.pyc
[0.516s] running install_data
[0.516s] copying worlds/car_track.world -> /home/ros2/Ros2Projects/oom_ws/src/install/ros2_term_project/share/ros2_term_project/worlds
[0.517s] running install_egg_info
[0.517s] removing '/home/ros2/Ros2Projects/oom_ws/src/install/ros2_term_project/lib/python3.8/site-packages/ros2_term_project-0.0.0-py3.8.egg-info' (and everything under it)
[0.518s] Copying ../build/ros2_term_project/ros2_term_project.egg-info to /home/ros2/Ros2Projects/oom_ws/src/install/ros2_term_project/lib/python3.8/site-packages/ros2_term_project-0.0.0-py3.8.egg-info
[0.519s] running install_scripts
[0.529s] Installing move_box script to /home/ros2/Ros2Projects/oom_ws/src/install/ros2_term_project/lib/ros2_term_project
[0.529s] writing list of installed files to '/home/ros2/Ros2Projects/oom_ws/src/build/ros2_term_project/install.log'
[0.543s] Invoked command in '/home/ros2/Ros2Projects/oom_ws/src/ros2_term_project' returned '0': PYTHONPATH=/home/ros2/Ros2Projects/oom_ws/src/install/ros2_term_project/lib/python3.8/site-packages:${PYTHONPATH} /usr/bin/python3 setup.py egg_info --egg-base ../build/ros2_term_project build --build-base /home/ros2/Ros2Projects/oom_ws/src/build/ros2_term_project/build install --prefix /home/ros2/Ros2Projects/oom_ws/src/install/ros2_term_project --record /home/ros2/Ros2Projects/oom_ws/src/build/ros2_term_project/install.log --single-version-externally-managed
