[0.019s] Invoking command in '/home/ros2/Ros2Projects/oom_ws/src/build/custom_interface': CMAKE_PREFIX_PATH=/opt/ros/foxy /bin/cmake --build /home/ros2/Ros2Projects/oom_ws/src/build/custom_interface -- -j16 -l16
[0.057s] [  3%] Built target custom_interface__cpp
[0.057s] [ 12%] Built target custom_interface__rosidl_generator_c
[0.072s] [ 22%] Built target custom_interface__rosidl_typesupport_introspection_cpp
[0.073s] [ 32%] Built target custom_interface__rosidl_typesupport_c
[0.073s] [ 51%] Built target custom_interface__rosidl_typesupport_introspection_c
[0.073s] [ 51%] Built target custom_interface__rosidl_typesupport_cpp
[0.076s] [ 61%] Built target custom_interface__rosidl_typesupport_fastrtps_cpp
[0.096s] [ 70%] Built target custom_interface__rosidl_typesupport_fastrtps_c
[0.109s] [ 70%] Built target custom_interface
[0.124s] [ 74%] Built target custom_interface__py
[0.144s] [ 80%] Built target custom_interface__python
[0.164s] [ 93%] Built target custom_interface__rosidl_typesupport_fastrtps_c__pyext
[0.164s] [ 93%] Built target custom_interface__rosidl_typesupport_introspection_c__pyext
[0.164s] [100%] Built target custom_interface__rosidl_typesupport_c__pyext
[0.172s] Invoked command in '/home/ros2/Ros2Projects/oom_ws/src/build/custom_interface' returned '0': CMAKE_PREFIX_PATH=/opt/ros/foxy /bin/cmake --build /home/ros2/Ros2Projects/oom_ws/src/build/custom_interface -- -j16 -l16
[0.224s] Invoking command in '/home/ros2/Ros2Projects/oom_ws/src/build/custom_interface': CMAKE_PREFIX_PATH=/opt/ros/foxy /bin/cmake --install /home/ros2/Ros2Projects/oom_ws/src/build/custom_interface
[0.229s] -- Install configuration: ""
[0.229s] -- Up-to-date: /home/ros2/Ros2Projects/oom_ws/src/install/custom_interface/share/ament_index/resource_index/rosidl_interfaces/custom_interface
[0.230s] -- Up-to-date: /home/ros2/Ros2Projects/oom_ws/src/install/custom_interface/include/custom_interface
[0.230s] -- Up-to-date: /home/ros2/Ros2Projects/oom_ws/src/install/custom_interface/include/custom_interface/msg
[0.230s] -- Up-to-date: /home/ros2/Ros2Projects/oom_ws/src/install/custom_interface/include/custom_interface/msg/rosidl_generator_c__visibility_control.h
[0.230s] -- Up-to-date: /home/ros2/Ros2Projects/oom_ws/src/install/custom_interface/include/custom_interface/msg/two_numbers.h
[0.230s] -- Up-to-date: /home/ros2/Ros2Projects/oom_ws/src/install/custom_interface/include/custom_interface/msg/detail
[0.230s] -- Up-to-date: /home/ros2/Ros2Projects/oom_ws/src/install/custom_interface/include/custom_interface/msg/detail/two_numbers__type_support.h
[0.231s] -- Up-to-date: /home/ros2/Ros2Projects/oom_ws/src/install/custom_interface/include/custom_interface/msg/detail/two_numbers__functions.c
[0.231s] -- Up-to-date: /home/ros2/Ros2Projects/oom_ws/src/install/custom_interface/include/custom_interface/msg/detail/two_numbers__struct.h
[0.231s] -- Up-to-date: /home/ros2/Ros2Projects/oom_ws/src/install/custom_interface/include/custom_interface/msg/detail/two_numbers__functions.h
[0.231s] -- Up-to-date: /home/ros2/Ros2Projects/oom_ws/src/install/custom_interface/share/custom_interface/environment/library_path.sh
[0.232s] -- Up-to-date: /home/ros2/Ros2Projects/oom_ws/src/install/custom_interface/share/custom_interface/environment/library_path.dsv
[0.232s] -- Up-to-date: /home/ros2/Ros2Projects/oom_ws/src/install/custom_interface/lib/libcustom_interface__rosidl_generator_c.so
[0.232s] -- Up-to-date: /home/ros2/Ros2Projects/oom_ws/src/install/custom_interface/include/custom_interface
[0.232s] -- Up-to-date: /home/ros2/Ros2Projects/oom_ws/src/install/custom_interface/include/custom_interface/msg
[0.232s] -- Up-to-date: /home/ros2/Ros2Projects/oom_ws/src/install/custom_interface/include/custom_interface/msg/detail
[0.233s] -- Up-to-date: /home/ros2/Ros2Projects/oom_ws/src/install/custom_interface/include/custom_interface/msg/detail/two_numbers__rosidl_typesupport_fastrtps_c.h
[0.233s] -- Up-to-date: /home/ros2/Ros2Projects/oom_ws/src/install/custom_interface/include/custom_interface/msg/rosidl_typesupport_fastrtps_c__visibility_control.h
[0.233s] -- Up-to-date: /home/ros2/Ros2Projects/oom_ws/src/install/custom_interface/lib/libcustom_interface__rosidl_typesupport_fastrtps_c.so
[0.233s] -- Up-to-date: /home/ros2/Ros2Projects/oom_ws/src/install/custom_interface/include/custom_interface
[0.233s] -- Up-to-date: /home/ros2/Ros2Projects/oom_ws/src/install/custom_interface/include/custom_interface/msg
[0.233s] -- Up-to-date: /home/ros2/Ros2Projects/oom_ws/src/install/custom_interface/include/custom_interface/msg/detail
[0.233s] -- Up-to-date: /home/ros2/Ros2Projects/oom_ws/src/install/custom_interface/include/custom_interface/msg/detail/dds_fastrtps
[0.233s] -- Up-to-date: /home/ros2/Ros2Projects/oom_ws/src/install/custom_interface/include/custom_interface/msg/detail/two_numbers__rosidl_typesupport_fastrtps_cpp.hpp
[0.233s] -- Up-to-date: /home/ros2/Ros2Projects/oom_ws/src/install/custom_interface/include/custom_interface/msg/rosidl_typesupport_fastrtps_cpp__visibility_control.h
[0.233s] -- Up-to-date: /home/ros2/Ros2Projects/oom_ws/src/install/custom_interface/lib/libcustom_interface__rosidl_typesupport_fastrtps_cpp.so
[0.233s] -- Up-to-date: /home/ros2/Ros2Projects/oom_ws/src/install/custom_interface/include/custom_interface
[0.233s] -- Up-to-date: /home/ros2/Ros2Projects/oom_ws/src/install/custom_interface/include/custom_interface/msg
[0.233s] -- Up-to-date: /home/ros2/Ros2Projects/oom_ws/src/install/custom_interface/include/custom_interface/msg/detail
[0.234s] -- Up-to-date: /home/ros2/Ros2Projects/oom_ws/src/install/custom_interface/include/custom_interface/msg/detail/two_numbers__type_support.c
[0.234s] -- Up-to-date: /home/ros2/Ros2Projects/oom_ws/src/install/custom_interface/include/custom_interface/msg/detail/two_numbers__rosidl_typesupport_introspection_c.h
[0.234s] -- Up-to-date: /home/ros2/Ros2Projects/oom_ws/src/install/custom_interface/include/custom_interface/msg/rosidl_typesupport_introspection_c__visibility_control.h
[0.234s] -- Up-to-date: /home/ros2/Ros2Projects/oom_ws/src/install/custom_interface/lib/libcustom_interface__rosidl_typesupport_introspection_c.so
[0.234s] -- Up-to-date: /home/ros2/Ros2Projects/oom_ws/src/install/custom_interface/lib/libcustom_interface__rosidl_typesupport_c.so
[0.234s] -- Up-to-date: /home/ros2/Ros2Projects/oom_ws/src/install/custom_interface/include/custom_interface
[0.234s] -- Up-to-date: /home/ros2/Ros2Projects/oom_ws/src/install/custom_interface/include/custom_interface/msg
[0.234s] -- Up-to-date: /home/ros2/Ros2Projects/oom_ws/src/install/custom_interface/include/custom_interface/msg/detail
[0.234s] -- Up-to-date: /home/ros2/Ros2Projects/oom_ws/src/install/custom_interface/include/custom_interface/msg/detail/two_numbers__struct.hpp
[0.234s] -- Up-to-date: /home/ros2/Ros2Projects/oom_ws/src/install/custom_interface/include/custom_interface/msg/detail/two_numbers__builder.hpp
[0.234s] -- Up-to-date: /home/ros2/Ros2Projects/oom_ws/src/install/custom_interface/include/custom_interface/msg/detail/two_numbers__traits.hpp
[0.234s] -- Up-to-date: /home/ros2/Ros2Projects/oom_ws/src/install/custom_interface/include/custom_interface/msg/two_numbers.hpp
[0.234s] -- Up-to-date: /home/ros2/Ros2Projects/oom_ws/src/install/custom_interface/include/custom_interface
[0.234s] -- Up-to-date: /home/ros2/Ros2Projects/oom_ws/src/install/custom_interface/include/custom_interface/msg
[0.234s] -- Up-to-date: /home/ros2/Ros2Projects/oom_ws/src/install/custom_interface/include/custom_interface/msg/detail
[0.234s] -- Up-to-date: /home/ros2/Ros2Projects/oom_ws/src/install/custom_interface/include/custom_interface/msg/detail/two_numbers__type_support.cpp
[0.234s] -- Up-to-date: /home/ros2/Ros2Projects/oom_ws/src/install/custom_interface/include/custom_interface/msg/detail/two_numbers__rosidl_typesupport_introspection_cpp.hpp
[0.234s] -- Up-to-date: /home/ros2/Ros2Projects/oom_ws/src/install/custom_interface/lib/libcustom_interface__rosidl_typesupport_introspection_cpp.so
[0.234s] -- Up-to-date: /home/ros2/Ros2Projects/oom_ws/src/install/custom_interface/lib/libcustom_interface__rosidl_typesupport_cpp.so
[0.234s] -- Up-to-date: /home/ros2/Ros2Projects/oom_ws/src/install/custom_interface/share/custom_interface/environment/pythonpath.sh
[0.234s] -- Up-to-date: /home/ros2/Ros2Projects/oom_ws/src/install/custom_interface/share/custom_interface/environment/pythonpath.dsv
[0.234s] -- Up-to-date: /home/ros2/Ros2Projects/oom_ws/src/install/custom_interface/lib/python3.8/site-packages/custom_interface/__init__.py
[0.253s] -- Up-to-date: /home/ros2/Ros2Projects/oom_ws/src/install/custom_interface/lib/python3.8/site-packages/custom_interface/msg
[0.253s] -- Up-to-date: /home/ros2/Ros2Projects/oom_ws/src/install/custom_interface/lib/python3.8/site-packages/custom_interface/msg/_two_numbers.py
[0.253s] -- Up-to-date: /home/ros2/Ros2Projects/oom_ws/src/install/custom_interface/lib/python3.8/site-packages/custom_interface/msg/__init__.py
[0.254s] -- Up-to-date: /home/ros2/Ros2Projects/oom_ws/src/install/custom_interface/lib/python3.8/site-packages/custom_interface/msg/_two_numbers_s.c
[0.254s] -- Up-to-date: /home/ros2/Ros2Projects/oom_ws/src/install/custom_interface/lib/python3.8/site-packages/custom_interface/custom_interface_s__rosidl_typesupport_fastrtps_c.cpython-38-x86_64-linux-gnu.so
[0.254s] -- Up-to-date: /home/ros2/Ros2Projects/oom_ws/src/install/custom_interface/lib/python3.8/site-packages/custom_interface/custom_interface_s__rosidl_typesupport_introspection_c.cpython-38-x86_64-linux-gnu.so
[0.255s] -- Up-to-date: /home/ros2/Ros2Projects/oom_ws/src/install/custom_interface/lib/python3.8/site-packages/custom_interface/custom_interface_s__rosidl_typesupport_c.cpython-38-x86_64-linux-gnu.so
[0.255s] -- Up-to-date: /home/ros2/Ros2Projects/oom_ws/src/install/custom_interface/lib/libcustom_interface__python.so
[0.256s] -- Up-to-date: /home/ros2/Ros2Projects/oom_ws/src/install/custom_interface/share/custom_interface/msg/TwoNumbers.idl
[0.256s] -- Up-to-date: /home/ros2/Ros2Projects/oom_ws/src/install/custom_interface/share/custom_interface/msg/TwoNumbers.msg
[0.256s] -- Up-to-date: /home/ros2/Ros2Projects/oom_ws/src/install/custom_interface/share/ament_index/resource_index/package_run_dependencies/custom_interface
[0.256s] -- Up-to-date: /home/ros2/Ros2Projects/oom_ws/src/install/custom_interface/share/ament_index/resource_index/parent_prefix_path/custom_interface
[0.256s] -- Up-to-date: /home/ros2/Ros2Projects/oom_ws/src/install/custom_interface/share/custom_interface/environment/ament_prefix_path.sh
[0.256s] -- Up-to-date: /home/ros2/Ros2Projects/oom_ws/src/install/custom_interface/share/custom_interface/environment/ament_prefix_path.dsv
[0.257s] -- Up-to-date: /home/ros2/Ros2Projects/oom_ws/src/install/custom_interface/share/custom_interface/environment/path.sh
[0.257s] -- Up-to-date: /home/ros2/Ros2Projects/oom_ws/src/install/custom_interface/share/custom_interface/environment/path.dsv
[0.257s] -- Up-to-date: /home/ros2/Ros2Projects/oom_ws/src/install/custom_interface/share/custom_interface/local_setup.bash
[0.257s] -- Up-to-date: /home/ros2/Ros2Projects/oom_ws/src/install/custom_interface/share/custom_interface/local_setup.sh
[0.257s] -- Up-to-date: /home/ros2/Ros2Projects/oom_ws/src/install/custom_interface/share/custom_interface/local_setup.zsh
[0.257s] -- Up-to-date: /home/ros2/Ros2Projects/oom_ws/src/install/custom_interface/share/custom_interface/local_setup.dsv
[0.257s] -- Installing: /home/ros2/Ros2Projects/oom_ws/src/install/custom_interface/share/custom_interface/package.dsv
[0.258s] -- Up-to-date: /home/ros2/Ros2Projects/oom_ws/src/install/custom_interface/share/ament_index/resource_index/packages/custom_interface
[0.258s] -- Up-to-date: /home/ros2/Ros2Projects/oom_ws/src/install/custom_interface/share/custom_interface/cmake/custom_interface__rosidl_generator_cExport.cmake
[0.258s] -- Up-to-date: /home/ros2/Ros2Projects/oom_ws/src/install/custom_interface/share/custom_interface/cmake/custom_interface__rosidl_generator_cExport-noconfig.cmake
[0.258s] -- Up-to-date: /home/ros2/Ros2Projects/oom_ws/src/install/custom_interface/share/custom_interface/cmake/custom_interface__rosidl_typesupport_introspection_cExport.cmake
[0.258s] -- Up-to-date: /home/ros2/Ros2Projects/oom_ws/src/install/custom_interface/share/custom_interface/cmake/custom_interface__rosidl_typesupport_introspection_cExport-noconfig.cmake
[0.258s] -- Up-to-date: /home/ros2/Ros2Projects/oom_ws/src/install/custom_interface/share/custom_interface/cmake/custom_interface__rosidl_typesupport_cExport.cmake
[0.259s] -- Up-to-date: /home/ros2/Ros2Projects/oom_ws/src/install/custom_interface/share/custom_interface/cmake/custom_interface__rosidl_typesupport_cExport-noconfig.cmake
[0.259s] -- Up-to-date: /home/ros2/Ros2Projects/oom_ws/src/install/custom_interface/share/custom_interface/cmake/custom_interface__rosidl_generator_cppExport.cmake
[0.259s] -- Up-to-date: /home/ros2/Ros2Projects/oom_ws/src/install/custom_interface/share/custom_interface/cmake/custom_interface__rosidl_typesupport_introspection_cppExport.cmake
[0.259s] -- Up-to-date: /home/ros2/Ros2Projects/oom_ws/src/install/custom_interface/share/custom_interface/cmake/custom_interface__rosidl_typesupport_introspection_cppExport-noconfig.cmake
[0.259s] -- Up-to-date: /home/ros2/Ros2Projects/oom_ws/src/install/custom_interface/share/custom_interface/cmake/custom_interface__rosidl_typesupport_cppExport.cmake
[0.259s] -- Up-to-date: /home/ros2/Ros2Projects/oom_ws/src/install/custom_interface/share/custom_interface/cmake/custom_interface__rosidl_typesupport_cppExport-noconfig.cmake
[0.259s] -- Up-to-date: /home/ros2/Ros2Projects/oom_ws/src/install/custom_interface/share/custom_interface/cmake/rosidl_cmake-extras.cmake
[0.259s] -- Up-to-date: /home/ros2/Ros2Projects/oom_ws/src/install/custom_interface/share/custom_interface/cmake/ament_cmake_export_dependencies-extras.cmake
[0.259s] -- Up-to-date: /home/ros2/Ros2Projects/oom_ws/src/install/custom_interface/share/custom_interface/cmake/ament_cmake_export_libraries-extras.cmake
[0.259s] -- Up-to-date: /home/ros2/Ros2Projects/oom_ws/src/install/custom_interface/share/custom_interface/cmake/ament_cmake_export_targets-extras.cmake
[0.259s] -- Up-to-date: /home/ros2/Ros2Projects/oom_ws/src/install/custom_interface/share/custom_interface/cmake/ament_cmake_export_include_directories-extras.cmake
[0.259s] -- Up-to-date: /home/ros2/Ros2Projects/oom_ws/src/install/custom_interface/share/custom_interface/cmake/rosidl_cmake_export_typesupport_libraries-extras.cmake
[0.259s] -- Up-to-date: /home/ros2/Ros2Projects/oom_ws/src/install/custom_interface/share/custom_interface/cmake/rosidl_cmake_export_typesupport_targets-extras.cmake
[0.259s] -- Up-to-date: /home/ros2/Ros2Projects/oom_ws/src/install/custom_interface/share/custom_interface/cmake/custom_interfaceConfig.cmake
[0.259s] -- Up-to-date: /home/ros2/Ros2Projects/oom_ws/src/install/custom_interface/share/custom_interface/cmake/custom_interfaceConfig-version.cmake
[0.259s] -- Up-to-date: /home/ros2/Ros2Projects/oom_ws/src/install/custom_interface/share/custom_interface/package.xml
[0.261s] Invoked command in '/home/ros2/Ros2Projects/oom_ws/src/build/custom_interface' returned '0': CMAKE_PREFIX_PATH=/opt/ros/foxy /bin/cmake --install /home/ros2/Ros2Projects/oom_ws/src/build/custom_interface
