[0.099s] DEBUG:colcon:Command line arguments: ['/bin/colcon', 'build']
[0.099s] DEBUG:colcon:Parsed command line arguments: Namespace(allow_overriding=[], ament_cmake_args=None, base_paths=['.'], build_base='build', catkin_cmake_args=None, catkin_skip_building_tests=False, cmake_args=None, cmake_clean_cache=False, cmake_clean_first=False, cmake_force_configure=False, cmake_target=None, cmake_target_skip_unavailable=False, continue_on_error=False, event_handlers=None, executor='parallel', ignore_user_meta=False, install_base='install', log_base=None, log_level=None, main=<bound method BuildVerb.main of <colcon_core.verb.build.BuildVerb object at 0x7ff2395f25e0>>, merge_install=False, metas=['./colcon.meta'], packages_above=None, packages_above_and_dependencies=None, packages_above_depth=None, packages_end=None, packages_ignore=None, packages_ignore_regex=None, packages_select=None, packages_select_build_failed=False, packages_select_by_dep=None, packages_select_regex=None, packages_select_test_failures=False, packages_skip=None, packages_skip_build_finished=False, packages_skip_by_dep=None, packages_skip_regex=None, packages_skip_test_passed=False, packages_skip_up_to=None, packages_start=None, packages_up_to=None, packages_up_to_regex=None, parallel_workers=16, paths=None, symlink_install=False, test_result_base=None, verb_extension=<colcon_core.verb.build.BuildVerb object at 0x7ff2395f25e0>, verb_name='build', verb_parser=<colcon_defaults.argument_parser.defaults.DefaultArgumentsDecorator object at 0x7ff2395f2b20>)
[0.115s] Level 1:colcon.colcon_core.package_discovery:discover_packages(colcon_meta) check parameters
[0.115s] Level 1:colcon.colcon_core.package_discovery:discover_packages(recursive) check parameters
[0.115s] Level 1:colcon.colcon_core.package_discovery:discover_packages(ignore) check parameters
[0.115s] Level 1:colcon.colcon_core.package_discovery:discover_packages(path) check parameters
[0.116s] Level 1:colcon.colcon_core.package_discovery:discover_packages(colcon_meta) discover
[0.116s] Level 1:colcon.colcon_core.package_discovery:discover_packages(recursive) discover
[0.116s] INFO:colcon.colcon_core.package_discovery:Crawling recursively for packages in '/home/ros2/Ros2Projects/oom_ws/src'
[0.116s] Level 1:colcon.colcon_core.package_identification:_identify(.) by extensions ['ignore', 'ignore_ament_install']
[0.116s] Level 1:colcon.colcon_core.package_identification:_identify(.) by extension 'ignore'
[0.116s] Level 1:colcon.colcon_core.package_identification:_identify(.) by extension 'ignore_ament_install'
[0.116s] Level 1:colcon.colcon_core.package_identification:_identify(.) by extensions ['colcon_pkg']
[0.116s] Level 1:colcon.colcon_core.package_identification:_identify(.) by extension 'colcon_pkg'
[0.116s] Level 1:colcon.colcon_core.package_identification:_identify(.) by extensions ['colcon_meta']
[0.116s] Level 1:colcon.colcon_core.package_identification:_identify(.) by extension 'colcon_meta'
[0.116s] Level 1:colcon.colcon_core.package_identification:_identify(.) by extensions ['ros']
[0.116s] Level 1:colcon.colcon_core.package_identification:_identify(.) by extension 'ros'
[0.124s] Level 1:colcon.colcon_core.package_identification:_identify(.) by extensions ['cmake', 'python']
[0.124s] Level 1:colcon.colcon_core.package_identification:_identify(.) by extension 'cmake'
[0.124s] Level 1:colcon.colcon_core.package_identification:_identify(.) by extension 'python'
[0.124s] Level 1:colcon.colcon_core.package_identification:_identify(.) by extensions ['python_setup_py']
[0.124s] Level 1:colcon.colcon_core.package_identification:_identify(.) by extension 'python_setup_py'
[0.124s] Level 1:colcon.colcon_core.package_identification:_identify(build) by extensions ['ignore', 'ignore_ament_install']
[0.124s] Level 1:colcon.colcon_core.package_identification:_identify(build) by extension 'ignore'
[0.124s] Level 1:colcon.colcon_core.package_identification:_identify(build) ignored
[0.124s] Level 1:colcon.colcon_core.package_identification:_identify(custom_interface) by extensions ['ignore', 'ignore_ament_install']
[0.124s] Level 1:colcon.colcon_core.package_identification:_identify(custom_interface) by extension 'ignore'
[0.124s] Level 1:colcon.colcon_core.package_identification:_identify(custom_interface) by extension 'ignore_ament_install'
[0.124s] Level 1:colcon.colcon_core.package_identification:_identify(custom_interface) by extensions ['colcon_pkg']
[0.124s] Level 1:colcon.colcon_core.package_identification:_identify(custom_interface) by extension 'colcon_pkg'
[0.124s] Level 1:colcon.colcon_core.package_identification:_identify(custom_interface) by extensions ['colcon_meta']
[0.124s] Level 1:colcon.colcon_core.package_identification:_identify(custom_interface) by extension 'colcon_meta'
[0.124s] Level 1:colcon.colcon_core.package_identification:_identify(custom_interface) by extensions ['ros']
[0.124s] Level 1:colcon.colcon_core.package_identification:_identify(custom_interface) by extension 'ros'
[0.126s] DEBUG:colcon.colcon_core.package_identification:Package 'custom_interface' with type 'ros.ament_cmake' and name 'custom_interface'
[0.126s] Level 1:colcon.colcon_core.package_identification:_identify(install) by extensions ['ignore', 'ignore_ament_install']
[0.126s] Level 1:colcon.colcon_core.package_identification:_identify(install) by extension 'ignore'
[0.126s] Level 1:colcon.colcon_core.package_identification:_identify(install) ignored
[0.126s] Level 1:colcon.colcon_core.package_identification:_identify(log) by extensions ['ignore', 'ignore_ament_install']
[0.126s] Level 1:colcon.colcon_core.package_identification:_identify(log) by extension 'ignore'
[0.126s] Level 1:colcon.colcon_core.package_identification:_identify(log) ignored
[0.126s] Level 1:colcon.colcon_core.package_identification:_identify(py_custom_msg_test) by extensions ['ignore', 'ignore_ament_install']
[0.126s] Level 1:colcon.colcon_core.package_identification:_identify(py_custom_msg_test) by extension 'ignore'
[0.126s] Level 1:colcon.colcon_core.package_identification:_identify(py_custom_msg_test) by extension 'ignore_ament_install'
[0.126s] Level 1:colcon.colcon_core.package_identification:_identify(py_custom_msg_test) by extensions ['colcon_pkg']
[0.126s] Level 1:colcon.colcon_core.package_identification:_identify(py_custom_msg_test) by extension 'colcon_pkg'
[0.126s] Level 1:colcon.colcon_core.package_identification:_identify(py_custom_msg_test) by extensions ['colcon_meta']
[0.126s] Level 1:colcon.colcon_core.package_identification:_identify(py_custom_msg_test) by extension 'colcon_meta'
[0.126s] Level 1:colcon.colcon_core.package_identification:_identify(py_custom_msg_test) by extensions ['ros']
[0.126s] Level 1:colcon.colcon_core.package_identification:_identify(py_custom_msg_test) by extension 'ros'
[0.127s] DEBUG:colcon.colcon_core.package_identification:Package 'py_custom_msg_test' with type 'ros.ament_python' and name 'py_custom_msg_test'
[0.127s] Level 1:colcon.colcon_core.package_identification:_identify(py_pubsub) by extensions ['ignore', 'ignore_ament_install']
[0.127s] Level 1:colcon.colcon_core.package_identification:_identify(py_pubsub) by extension 'ignore'
[0.127s] Level 1:colcon.colcon_core.package_identification:_identify(py_pubsub) by extension 'ignore_ament_install'
[0.127s] Level 1:colcon.colcon_core.package_identification:_identify(py_pubsub) by extensions ['colcon_pkg']
[0.127s] Level 1:colcon.colcon_core.package_identification:_identify(py_pubsub) by extension 'colcon_pkg'
[0.127s] Level 1:colcon.colcon_core.package_identification:_identify(py_pubsub) by extensions ['colcon_meta']
[0.127s] Level 1:colcon.colcon_core.package_identification:_identify(py_pubsub) by extension 'colcon_meta'
[0.127s] Level 1:colcon.colcon_core.package_identification:_identify(py_pubsub) by extensions ['ros']
[0.127s] Level 1:colcon.colcon_core.package_identification:_identify(py_pubsub) by extension 'ros'
[0.127s] DEBUG:colcon.colcon_core.package_identification:Package 'py_pubsub' with type 'ros.ament_python' and name 'py_pubsub'
[0.128s] Level 1:colcon.colcon_core.package_identification:_identify(ros2_term_project) by extensions ['ignore', 'ignore_ament_install']
[0.128s] Level 1:colcon.colcon_core.package_identification:_identify(ros2_term_project) by extension 'ignore'
[0.128s] Level 1:colcon.colcon_core.package_identification:_identify(ros2_term_project) by extension 'ignore_ament_install'
[0.128s] Level 1:colcon.colcon_core.package_identification:_identify(ros2_term_project) by extensions ['colcon_pkg']
[0.128s] Level 1:colcon.colcon_core.package_identification:_identify(ros2_term_project) by extension 'colcon_pkg'
[0.128s] Level 1:colcon.colcon_core.package_identification:_identify(ros2_term_project) by extensions ['colcon_meta']
[0.128s] Level 1:colcon.colcon_core.package_identification:_identify(ros2_term_project) by extension 'colcon_meta'
[0.128s] Level 1:colcon.colcon_core.package_identification:_identify(ros2_term_project) by extensions ['ros']
[0.128s] Level 1:colcon.colcon_core.package_identification:_identify(ros2_term_project) by extension 'ros'
[0.128s] DEBUG:colcon.colcon_core.package_identification:Package 'ros2_term_project' with type 'ros.ament_python' and name 'ros2_term_project'
[0.128s] Level 1:colcon.colcon_core.package_discovery:discover_packages(recursive) using defaults
[0.128s] Level 1:colcon.colcon_core.package_discovery:discover_packages(ignore) discover
[0.128s] Level 1:colcon.colcon_core.package_discovery:discover_packages(ignore) using defaults
[0.128s] Level 1:colcon.colcon_core.package_discovery:discover_packages(path) discover
[0.128s] Level 1:colcon.colcon_core.package_discovery:discover_packages(path) using defaults
[0.142s] Level 1:colcon.colcon_core.package_discovery:discover_packages(prefix_path) check parameters
[0.142s] Level 1:colcon.colcon_core.package_discovery:discover_packages(prefix_path) discover
[0.151s] DEBUG:colcon.colcon_installed_package_information.package_discovery:Found 409 installed packages in /opt/ros/foxy
[0.153s] Level 1:colcon.colcon_core.package_discovery:discover_packages(prefix_path) using defaults
[0.219s] Level 5:colcon.colcon_core.verb:set package 'custom_interface' build argument 'cmake_args' from command line to 'None'
[0.219s] Level 5:colcon.colcon_core.verb:set package 'custom_interface' build argument 'cmake_target' from command line to 'None'
[0.219s] Level 5:colcon.colcon_core.verb:set package 'custom_interface' build argument 'cmake_target_skip_unavailable' from command line to 'False'
[0.219s] Level 5:colcon.colcon_core.verb:set package 'custom_interface' build argument 'cmake_clean_cache' from command line to 'False'
[0.219s] Level 5:colcon.colcon_core.verb:set package 'custom_interface' build argument 'cmake_clean_first' from command line to 'False'
[0.219s] Level 5:colcon.colcon_core.verb:set package 'custom_interface' build argument 'cmake_force_configure' from command line to 'False'
[0.219s] Level 5:colcon.colcon_core.verb:set package 'custom_interface' build argument 'ament_cmake_args' from command line to 'None'
[0.219s] Level 5:colcon.colcon_core.verb:set package 'custom_interface' build argument 'catkin_cmake_args' from command line to 'None'
[0.219s] Level 5:colcon.colcon_core.verb:set package 'custom_interface' build argument 'catkin_skip_building_tests' from command line to 'False'
[0.219s] DEBUG:colcon.colcon_core.verb:Building package 'custom_interface' with the following arguments: {'ament_cmake_args': None, 'build_base': '/home/ros2/Ros2Projects/oom_ws/src/build/custom_interface', 'catkin_cmake_args': None, 'catkin_skip_building_tests': False, 'cmake_args': None, 'cmake_clean_cache': False, 'cmake_clean_first': False, 'cmake_force_configure': False, 'cmake_target': None, 'cmake_target_skip_unavailable': False, 'install_base': '/home/ros2/Ros2Projects/oom_ws/src/install/custom_interface', 'merge_install': False, 'path': '/home/ros2/Ros2Projects/oom_ws/src/custom_interface', 'symlink_install': False, 'test_result_base': None}
[0.220s] Level 5:colcon.colcon_core.verb:set package 'py_pubsub' build argument 'cmake_args' from command line to 'None'
[0.220s] Level 5:colcon.colcon_core.verb:set package 'py_pubsub' build argument 'cmake_target' from command line to 'None'
[0.220s] Level 5:colcon.colcon_core.verb:set package 'py_pubsub' build argument 'cmake_target_skip_unavailable' from command line to 'False'
[0.220s] Level 5:colcon.colcon_core.verb:set package 'py_pubsub' build argument 'cmake_clean_cache' from command line to 'False'
[0.220s] Level 5:colcon.colcon_core.verb:set package 'py_pubsub' build argument 'cmake_clean_first' from command line to 'False'
[0.220s] Level 5:colcon.colcon_core.verb:set package 'py_pubsub' build argument 'cmake_force_configure' from command line to 'False'
[0.220s] Level 5:colcon.colcon_core.verb:set package 'py_pubsub' build argument 'ament_cmake_args' from command line to 'None'
[0.220s] Level 5:colcon.colcon_core.verb:set package 'py_pubsub' build argument 'catkin_cmake_args' from command line to 'None'
[0.220s] Level 5:colcon.colcon_core.verb:set package 'py_pubsub' build argument 'catkin_skip_building_tests' from command line to 'False'
[0.220s] DEBUG:colcon.colcon_core.verb:Building package 'py_pubsub' with the following arguments: {'ament_cmake_args': None, 'build_base': '/home/ros2/Ros2Projects/oom_ws/src/build/py_pubsub', 'catkin_cmake_args': None, 'catkin_skip_building_tests': False, 'cmake_args': None, 'cmake_clean_cache': False, 'cmake_clean_first': False, 'cmake_force_configure': False, 'cmake_target': None, 'cmake_target_skip_unavailable': False, 'install_base': '/home/ros2/Ros2Projects/oom_ws/src/install/py_pubsub', 'merge_install': False, 'path': '/home/ros2/Ros2Projects/oom_ws/src/py_pubsub', 'symlink_install': False, 'test_result_base': None}
[0.221s] Level 5:colcon.colcon_core.verb:set package 'ros2_term_project' build argument 'cmake_args' from command line to 'None'
[0.221s] Level 5:colcon.colcon_core.verb:set package 'ros2_term_project' build argument 'cmake_target' from command line to 'None'
[0.221s] Level 5:colcon.colcon_core.verb:set package 'ros2_term_project' build argument 'cmake_target_skip_unavailable' from command line to 'False'
[0.221s] Level 5:colcon.colcon_core.verb:set package 'ros2_term_project' build argument 'cmake_clean_cache' from command line to 'False'
[0.221s] Level 5:colcon.colcon_core.verb:set package 'ros2_term_project' build argument 'cmake_clean_first' from command line to 'False'
[0.221s] Level 5:colcon.colcon_core.verb:set package 'ros2_term_project' build argument 'cmake_force_configure' from command line to 'False'
[0.221s] Level 5:colcon.colcon_core.verb:set package 'ros2_term_project' build argument 'ament_cmake_args' from command line to 'None'
[0.221s] Level 5:colcon.colcon_core.verb:set package 'ros2_term_project' build argument 'catkin_cmake_args' from command line to 'None'
[0.221s] Level 5:colcon.colcon_core.verb:set package 'ros2_term_project' build argument 'catkin_skip_building_tests' from command line to 'False'
[0.221s] DEBUG:colcon.colcon_core.verb:Building package 'ros2_term_project' with the following arguments: {'ament_cmake_args': None, 'build_base': '/home/ros2/Ros2Projects/oom_ws/src/build/ros2_term_project', 'catkin_cmake_args': None, 'catkin_skip_building_tests': False, 'cmake_args': None, 'cmake_clean_cache': False, 'cmake_clean_first': False, 'cmake_force_configure': False, 'cmake_target': None, 'cmake_target_skip_unavailable': False, 'install_base': '/home/ros2/Ros2Projects/oom_ws/src/install/ros2_term_project', 'merge_install': False, 'path': '/home/ros2/Ros2Projects/oom_ws/src/ros2_term_project', 'symlink_install': False, 'test_result_base': None}
[0.222s] Level 5:colcon.colcon_core.verb:set package 'py_custom_msg_test' build argument 'cmake_args' from command line to 'None'
[0.222s] Level 5:colcon.colcon_core.verb:set package 'py_custom_msg_test' build argument 'cmake_target' from command line to 'None'
[0.222s] Level 5:colcon.colcon_core.verb:set package 'py_custom_msg_test' build argument 'cmake_target_skip_unavailable' from command line to 'False'
[0.222s] Level 5:colcon.colcon_core.verb:set package 'py_custom_msg_test' build argument 'cmake_clean_cache' from command line to 'False'
[0.222s] Level 5:colcon.colcon_core.verb:set package 'py_custom_msg_test' build argument 'cmake_clean_first' from command line to 'False'
[0.222s] Level 5:colcon.colcon_core.verb:set package 'py_custom_msg_test' build argument 'cmake_force_configure' from command line to 'False'
[0.222s] Level 5:colcon.colcon_core.verb:set package 'py_custom_msg_test' build argument 'ament_cmake_args' from command line to 'None'
[0.222s] Level 5:colcon.colcon_core.verb:set package 'py_custom_msg_test' build argument 'catkin_cmake_args' from command line to 'None'
[0.222s] Level 5:colcon.colcon_core.verb:set package 'py_custom_msg_test' build argument 'catkin_skip_building_tests' from command line to 'False'
[0.222s] DEBUG:colcon.colcon_core.verb:Building package 'py_custom_msg_test' with the following arguments: {'ament_cmake_args': None, 'build_base': '/home/ros2/Ros2Projects/oom_ws/src/build/py_custom_msg_test', 'catkin_cmake_args': None, 'catkin_skip_building_tests': False, 'cmake_args': None, 'cmake_clean_cache': False, 'cmake_clean_first': False, 'cmake_force_configure': False, 'cmake_target': None, 'cmake_target_skip_unavailable': False, 'install_base': '/home/ros2/Ros2Projects/oom_ws/src/install/py_custom_msg_test', 'merge_install': False, 'path': '/home/ros2/Ros2Projects/oom_ws/src/py_custom_msg_test', 'symlink_install': False, 'test_result_base': None}
[0.222s] INFO:colcon.colcon_core.executor:Executing jobs using 'parallel' executor
[0.225s] DEBUG:colcon.colcon_parallel_executor.executor.parallel:run_until_complete
[0.225s] INFO:colcon.colcon_ros.task.ament_cmake.build:Building ROS package in '/home/ros2/Ros2Projects/oom_ws/src/custom_interface' with build type 'ament_cmake'
[0.225s] INFO:colcon.colcon_cmake.task.cmake.build:Building CMake package in '/home/ros2/Ros2Projects/oom_ws/src/custom_interface'
[0.229s] INFO:colcon.colcon_core.plugin_system:Skipping extension 'colcon_core.shell.bat': Not used on non-Windows systems
[0.229s] INFO:colcon.colcon_core.shell:Skip shell extension 'powershell' for command environment: Not usable outside of PowerShell
[0.229s] DEBUG:colcon.colcon_core.shell:Skip shell extension 'dsv' for command environment
[0.234s] INFO:colcon.colcon_ros.task.ament_python.build:Building ROS package in '/home/ros2/Ros2Projects/oom_ws/src/py_pubsub' with build type 'ament_python'
[0.234s] Level 1:colcon.colcon_core.shell:create_environment_hook('py_pubsub', 'ament_prefix_path')
[0.235s] INFO:colcon.colcon_core.shell:Creating environment hook '/home/ros2/Ros2Projects/oom_ws/src/install/py_pubsub/share/py_pubsub/hook/ament_prefix_path.ps1'
[0.236s] INFO:colcon.colcon_core.shell:Creating environment descriptor '/home/ros2/Ros2Projects/oom_ws/src/install/py_pubsub/share/py_pubsub/hook/ament_prefix_path.dsv'
[0.236s] INFO:colcon.colcon_core.shell:Creating environment hook '/home/ros2/Ros2Projects/oom_ws/src/install/py_pubsub/share/py_pubsub/hook/ament_prefix_path.sh'
[0.238s] INFO:colcon.colcon_core.shell:Skip shell extension 'powershell' for command environment: Not usable outside of PowerShell
[0.238s] DEBUG:colcon.colcon_core.shell:Skip shell extension 'dsv' for command environment
[0.242s] INFO:colcon.colcon_ros.task.ament_python.build:Building ROS package in '/home/ros2/Ros2Projects/oom_ws/src/ros2_term_project' with build type 'ament_python'
[0.242s] Level 1:colcon.colcon_core.shell:create_environment_hook('ros2_term_project', 'ament_prefix_path')
[0.243s] INFO:colcon.colcon_core.shell:Creating environment hook '/home/ros2/Ros2Projects/oom_ws/src/install/ros2_term_project/share/ros2_term_project/hook/ament_prefix_path.ps1'
[0.244s] INFO:colcon.colcon_core.shell:Creating environment descriptor '/home/ros2/Ros2Projects/oom_ws/src/install/ros2_term_project/share/ros2_term_project/hook/ament_prefix_path.dsv'
[0.244s] INFO:colcon.colcon_core.shell:Creating environment hook '/home/ros2/Ros2Projects/oom_ws/src/install/ros2_term_project/share/ros2_term_project/hook/ament_prefix_path.sh'
[0.245s] INFO:colcon.colcon_core.shell:Skip shell extension 'powershell' for command environment: Not usable outside of PowerShell
[0.245s] DEBUG:colcon.colcon_core.shell:Skip shell extension 'dsv' for command environment
[0.254s] DEBUG:colcon.colcon_core.event_handler.log_command:Invoking command in '/home/ros2/Ros2Projects/oom_ws/src/build/custom_interface': CMAKE_PREFIX_PATH=/opt/ros/foxy /bin/cmake --build /home/ros2/Ros2Projects/oom_ws/src/build/custom_interface -- -j16 -l16
[0.388s] INFO:colcon.colcon_core.task.python.build:Building Python package in '/home/ros2/Ros2Projects/oom_ws/src/py_pubsub'
[0.390s] INFO:colcon.colcon_core.shell:Skip shell extension 'powershell' for command environment: Not usable outside of PowerShell
[0.390s] DEBUG:colcon.colcon_core.shell:Skip shell extension 'dsv' for command environment
[0.520s] INFO:colcon.colcon_core.task.python.build:Building Python package in '/home/ros2/Ros2Projects/oom_ws/src/ros2_term_project'
[0.522s] INFO:colcon.colcon_core.shell:Skip shell extension 'powershell' for command environment: Not usable outside of PowerShell
[0.522s] DEBUG:colcon.colcon_core.shell:Skip shell extension 'dsv' for command environment
[0.530s] DEBUG:colcon.colcon_core.event_handler.log_command:Invoked command in '/home/ros2/Ros2Projects/oom_ws/src/build/custom_interface' returned '0': CMAKE_PREFIX_PATH=/opt/ros/foxy /bin/cmake --build /home/ros2/Ros2Projects/oom_ws/src/build/custom_interface -- -j16 -l16
[0.583s] DEBUG:colcon.colcon_core.event_handler.log_command:Invoking command in '/home/ros2/Ros2Projects/oom_ws/src/build/custom_interface': CMAKE_PREFIX_PATH=/opt/ros/foxy /bin/cmake --install /home/ros2/Ros2Projects/oom_ws/src/build/custom_interface
[0.622s] Level 1:colcon.colcon_core.environment:create_environment_scripts_only(custom_interface)
[0.623s] DEBUG:colcon.colcon_core.event_handler.log_command:Invoked command in '/home/ros2/Ros2Projects/oom_ws/src/build/custom_interface' returned '0': CMAKE_PREFIX_PATH=/opt/ros/foxy /bin/cmake --install /home/ros2/Ros2Projects/oom_ws/src/build/custom_interface
[0.627s] Level 1:colcon.colcon_core.environment:checking '/home/ros2/Ros2Projects/oom_ws/src/install/custom_interface' for CMake module files
[0.627s] Level 1:colcon.colcon_core.environment:checking '/home/ros2/Ros2Projects/oom_ws/src/install/custom_interface' for CMake config files
[0.627s] Level 1:colcon.colcon_core.shell:create_environment_hook('custom_interface', 'cmake_prefix_path')
[0.628s] INFO:colcon.colcon_core.shell:Creating environment hook '/home/ros2/Ros2Projects/oom_ws/src/install/custom_interface/share/custom_interface/hook/cmake_prefix_path.ps1'
[0.629s] INFO:colcon.colcon_core.shell:Creating environment descriptor '/home/ros2/Ros2Projects/oom_ws/src/install/custom_interface/share/custom_interface/hook/cmake_prefix_path.dsv'
[0.629s] INFO:colcon.colcon_core.shell:Creating environment hook '/home/ros2/Ros2Projects/oom_ws/src/install/custom_interface/share/custom_interface/hook/cmake_prefix_path.sh'
[0.629s] Level 1:colcon.colcon_core.environment:checking '/home/ros2/Ros2Projects/oom_ws/src/install/custom_interface/lib'
[0.630s] Level 1:colcon.colcon_core.shell:create_environment_hook('custom_interface', 'ld_library_path_lib')
[0.631s] INFO:colcon.colcon_core.shell:Creating environment hook '/home/ros2/Ros2Projects/oom_ws/src/install/custom_interface/share/custom_interface/hook/ld_library_path_lib.ps1'
[0.631s] INFO:colcon.colcon_core.shell:Creating environment descriptor '/home/ros2/Ros2Projects/oom_ws/src/install/custom_interface/share/custom_interface/hook/ld_library_path_lib.dsv'
[0.631s] INFO:colcon.colcon_core.shell:Creating environment hook '/home/ros2/Ros2Projects/oom_ws/src/install/custom_interface/share/custom_interface/hook/ld_library_path_lib.sh'
[0.631s] Level 1:colcon.colcon_core.environment:checking '/home/ros2/Ros2Projects/oom_ws/src/install/custom_interface/bin'
[0.631s] Level 1:colcon.colcon_core.environment:checking '/home/ros2/Ros2Projects/oom_ws/src/install/custom_interface/lib/pkgconfig/custom_interface.pc'
[0.631s] Level 1:colcon.colcon_core.environment:checking '/home/ros2/Ros2Projects/oom_ws/src/install/custom_interface/lib/python3.8/site-packages'
[0.631s] Level 1:colcon.colcon_core.shell:create_environment_hook('custom_interface', 'pythonpath')
[0.632s] INFO:colcon.colcon_core.shell:Creating environment hook '/home/ros2/Ros2Projects/oom_ws/src/install/custom_interface/share/custom_interface/hook/pythonpath.ps1'
[0.633s] INFO:colcon.colcon_core.shell:Creating environment descriptor '/home/ros2/Ros2Projects/oom_ws/src/install/custom_interface/share/custom_interface/hook/pythonpath.dsv'
[0.633s] INFO:colcon.colcon_core.shell:Creating environment hook '/home/ros2/Ros2Projects/oom_ws/src/install/custom_interface/share/custom_interface/hook/pythonpath.sh'
[0.633s] Level 1:colcon.colcon_core.environment:checking '/home/ros2/Ros2Projects/oom_ws/src/install/custom_interface/bin'
[0.634s] INFO:colcon.colcon_core.shell:Creating package script '/home/ros2/Ros2Projects/oom_ws/src/install/custom_interface/share/custom_interface/package.ps1'
[0.635s] INFO:colcon.colcon_core.shell:Creating package descriptor '/home/ros2/Ros2Projects/oom_ws/src/install/custom_interface/share/custom_interface/package.dsv'
[0.635s] INFO:colcon.colcon_core.shell:Creating package script '/home/ros2/Ros2Projects/oom_ws/src/install/custom_interface/share/custom_interface/package.sh'
[0.635s] INFO:colcon.colcon_core.shell:Creating package script '/home/ros2/Ros2Projects/oom_ws/src/install/custom_interface/share/custom_interface/package.bash'
[0.636s] INFO:colcon.colcon_core.shell:Creating package script '/home/ros2/Ros2Projects/oom_ws/src/install/custom_interface/share/custom_interface/package.zsh'
[0.636s] Level 1:colcon.colcon_core.environment:create_file_with_runtime_dependencies(/home/ros2/Ros2Projects/oom_ws/src/install/custom_interface/share/colcon-core/packages/custom_interface)
[0.680s] Level 1:colcon.colcon_core.environment:create_environment_scripts_only(custom_interface)
[0.681s] Level 1:colcon.colcon_core.environment:checking '/home/ros2/Ros2Projects/oom_ws/src/install/custom_interface' for CMake module files
[0.682s] Level 1:colcon.colcon_core.environment:checking '/home/ros2/Ros2Projects/oom_ws/src/install/custom_interface' for CMake config files
[0.682s] Level 1:colcon.colcon_core.shell:create_environment_hook('custom_interface', 'cmake_prefix_path')
[0.683s] INFO:colcon.colcon_core.shell:Creating environment hook '/home/ros2/Ros2Projects/oom_ws/src/install/custom_interface/share/custom_interface/hook/cmake_prefix_path.ps1'
[0.683s] INFO:colcon.colcon_core.shell:Creating environment descriptor '/home/ros2/Ros2Projects/oom_ws/src/install/custom_interface/share/custom_interface/hook/cmake_prefix_path.dsv'
[0.683s] INFO:colcon.colcon_core.shell:Creating environment hook '/home/ros2/Ros2Projects/oom_ws/src/install/custom_interface/share/custom_interface/hook/cmake_prefix_path.sh'
[0.684s] Level 1:colcon.colcon_core.environment:checking '/home/ros2/Ros2Projects/oom_ws/src/install/custom_interface/lib'
[0.684s] Level 1:colcon.colcon_core.shell:create_environment_hook('custom_interface', 'ld_library_path_lib')
[0.685s] INFO:colcon.colcon_core.shell:Creating environment hook '/home/ros2/Ros2Projects/oom_ws/src/install/custom_interface/share/custom_interface/hook/ld_library_path_lib.ps1'
[0.685s] INFO:colcon.colcon_core.shell:Creating environment descriptor '/home/ros2/Ros2Projects/oom_ws/src/install/custom_interface/share/custom_interface/hook/ld_library_path_lib.dsv'
[0.685s] INFO:colcon.colcon_core.shell:Creating environment hook '/home/ros2/Ros2Projects/oom_ws/src/install/custom_interface/share/custom_interface/hook/ld_library_path_lib.sh'
[0.685s] Level 1:colcon.colcon_core.environment:checking '/home/ros2/Ros2Projects/oom_ws/src/install/custom_interface/bin'
[0.685s] Level 1:colcon.colcon_core.environment:checking '/home/ros2/Ros2Projects/oom_ws/src/install/custom_interface/lib/pkgconfig/custom_interface.pc'
[0.686s] Level 1:colcon.colcon_core.environment:checking '/home/ros2/Ros2Projects/oom_ws/src/install/custom_interface/lib/python3.8/site-packages'
[0.686s] Level 1:colcon.colcon_core.shell:create_environment_hook('custom_interface', 'pythonpath')
[0.687s] INFO:colcon.colcon_core.shell:Creating environment hook '/home/ros2/Ros2Projects/oom_ws/src/install/custom_interface/share/custom_interface/hook/pythonpath.ps1'
[0.687s] INFO:colcon.colcon_core.shell:Creating environment descriptor '/home/ros2/Ros2Projects/oom_ws/src/install/custom_interface/share/custom_interface/hook/pythonpath.dsv'
[0.687s] INFO:colcon.colcon_core.shell:Creating environment hook '/home/ros2/Ros2Projects/oom_ws/src/install/custom_interface/share/custom_interface/hook/pythonpath.sh'
[0.687s] Level 1:colcon.colcon_core.environment:checking '/home/ros2/Ros2Projects/oom_ws/src/install/custom_interface/bin'
[0.688s] INFO:colcon.colcon_core.shell:Creating package script '/home/ros2/Ros2Projects/oom_ws/src/install/custom_interface/share/custom_interface/package.ps1'
[0.689s] INFO:colcon.colcon_core.shell:Creating package descriptor '/home/ros2/Ros2Projects/oom_ws/src/install/custom_interface/share/custom_interface/package.dsv'
[0.689s] INFO:colcon.colcon_core.shell:Creating package script '/home/ros2/Ros2Projects/oom_ws/src/install/custom_interface/share/custom_interface/package.sh'
[0.689s] INFO:colcon.colcon_core.shell:Creating package script '/home/ros2/Ros2Projects/oom_ws/src/install/custom_interface/share/custom_interface/package.bash'
[0.690s] INFO:colcon.colcon_core.shell:Creating package script '/home/ros2/Ros2Projects/oom_ws/src/install/custom_interface/share/custom_interface/package.zsh'
[0.690s] Level 1:colcon.colcon_core.environment:create_file_with_runtime_dependencies(/home/ros2/Ros2Projects/oom_ws/src/install/custom_interface/share/colcon-core/packages/custom_interface)
[0.690s] INFO:colcon.colcon_ros.task.ament_python.build:Building ROS package in '/home/ros2/Ros2Projects/oom_ws/src/py_custom_msg_test' with build type 'ament_python'
[0.690s] Level 1:colcon.colcon_core.shell:create_environment_hook('py_custom_msg_test', 'ament_prefix_path')
[0.691s] INFO:colcon.colcon_core.shell:Creating environment hook '/home/ros2/Ros2Projects/oom_ws/src/install/py_custom_msg_test/share/py_custom_msg_test/hook/ament_prefix_path.ps1'
[0.692s] INFO:colcon.colcon_core.shell:Creating environment descriptor '/home/ros2/Ros2Projects/oom_ws/src/install/py_custom_msg_test/share/py_custom_msg_test/hook/ament_prefix_path.dsv'
[0.693s] INFO:colcon.colcon_core.shell:Creating environment hook '/home/ros2/Ros2Projects/oom_ws/src/install/py_custom_msg_test/share/py_custom_msg_test/hook/ament_prefix_path.sh'
[0.694s] INFO:colcon.colcon_core.shell:Skip shell extension 'powershell' for command environment: Not usable outside of PowerShell
[0.694s] DEBUG:colcon.colcon_core.shell:Skip shell extension 'dsv' for command environment
[0.835s] INFO:colcon.colcon_core.task.python.build:Building Python package in '/home/ros2/Ros2Projects/oom_ws/src/py_custom_msg_test'
[0.836s] INFO:colcon.colcon_core.shell:Skip shell extension 'powershell' for command environment: Not usable outside of PowerShell
[0.836s] DEBUG:colcon.colcon_core.shell:Skip shell extension 'dsv' for command environment
[0.845s] DEBUG:colcon.colcon_core.event_handler.log_command:Invoking command in '/home/ros2/Ros2Projects/oom_ws/src/py_pubsub': PYTHONPATH=/home/ros2/Ros2Projects/oom_ws/src/install/py_pubsub/lib/python3.8/site-packages:${PYTHONPATH} /usr/bin/python3 setup.py egg_info --egg-base ../build/py_pubsub build --build-base /home/ros2/Ros2Projects/oom_ws/src/build/py_pubsub/build install --prefix /home/ros2/Ros2Projects/oom_ws/src/install/py_pubsub --record /home/ros2/Ros2Projects/oom_ws/src/build/py_pubsub/install.log --single-version-externally-managed
[0.850s] DEBUG:colcon.colcon_core.event_handler.log_command:Invoking command in '/home/ros2/Ros2Projects/oom_ws/src/ros2_term_project': PYTHONPATH=/home/ros2/Ros2Projects/oom_ws/src/install/ros2_term_project/lib/python3.8/site-packages:${PYTHONPATH} /usr/bin/python3 setup.py egg_info --egg-base ../build/ros2_term_project build --build-base /home/ros2/Ros2Projects/oom_ws/src/build/ros2_term_project/build install --prefix /home/ros2/Ros2Projects/oom_ws/src/install/ros2_term_project --record /home/ros2/Ros2Projects/oom_ws/src/build/ros2_term_project/install.log --single-version-externally-managed
[1.023s] Level 1:colcon.colcon_core.environment:checking '/home/ros2/Ros2Projects/oom_ws/src/install/py_pubsub' for CMake module files
[1.023s] DEBUG:colcon.colcon_core.event_handler.log_command:Invoked command in '/home/ros2/Ros2Projects/oom_ws/src/py_pubsub' returned '0': PYTHONPATH=/home/ros2/Ros2Projects/oom_ws/src/install/py_pubsub/lib/python3.8/site-packages:${PYTHONPATH} /usr/bin/python3 setup.py egg_info --egg-base ../build/py_pubsub build --build-base /home/ros2/Ros2Projects/oom_ws/src/build/py_pubsub/build install --prefix /home/ros2/Ros2Projects/oom_ws/src/install/py_pubsub --record /home/ros2/Ros2Projects/oom_ws/src/build/py_pubsub/install.log --single-version-externally-managed
[1.024s] Level 1:colcon.colcon_core.environment:checking '/home/ros2/Ros2Projects/oom_ws/src/install/py_pubsub' for CMake config files
[1.024s] Level 1:colcon.colcon_core.environment:checking '/home/ros2/Ros2Projects/oom_ws/src/install/py_pubsub/lib'
[1.024s] Level 1:colcon.colcon_core.environment:checking '/home/ros2/Ros2Projects/oom_ws/src/install/py_pubsub/bin'
[1.024s] Level 1:colcon.colcon_core.environment:checking '/home/ros2/Ros2Projects/oom_ws/src/install/py_pubsub/lib/pkgconfig/py_pubsub.pc'
[1.025s] Level 1:colcon.colcon_core.environment:checking '/home/ros2/Ros2Projects/oom_ws/src/install/py_pubsub/lib/python3.8/site-packages'
[1.025s] Level 1:colcon.colcon_core.shell:create_environment_hook('py_pubsub', 'pythonpath')
[1.026s] INFO:colcon.colcon_core.shell:Creating environment hook '/home/ros2/Ros2Projects/oom_ws/src/install/py_pubsub/share/py_pubsub/hook/pythonpath.ps1'
[1.026s] INFO:colcon.colcon_core.shell:Creating environment descriptor '/home/ros2/Ros2Projects/oom_ws/src/install/py_pubsub/share/py_pubsub/hook/pythonpath.dsv'
[1.026s] INFO:colcon.colcon_core.shell:Creating environment hook '/home/ros2/Ros2Projects/oom_ws/src/install/py_pubsub/share/py_pubsub/hook/pythonpath.sh'
[1.026s] Level 1:colcon.colcon_core.environment:checking '/home/ros2/Ros2Projects/oom_ws/src/install/py_pubsub/bin'
[1.026s] Level 1:colcon.colcon_core.environment:create_environment_scripts_only(py_pubsub)
[1.027s] INFO:colcon.colcon_core.shell:Creating package script '/home/ros2/Ros2Projects/oom_ws/src/install/py_pubsub/share/py_pubsub/package.ps1'
[1.028s] INFO:colcon.colcon_core.shell:Creating package descriptor '/home/ros2/Ros2Projects/oom_ws/src/install/py_pubsub/share/py_pubsub/package.dsv'
[1.028s] INFO:colcon.colcon_core.shell:Creating package script '/home/ros2/Ros2Projects/oom_ws/src/install/py_pubsub/share/py_pubsub/package.sh'
[1.028s] INFO:colcon.colcon_core.shell:Creating package script '/home/ros2/Ros2Projects/oom_ws/src/install/py_pubsub/share/py_pubsub/package.bash'
[1.029s] INFO:colcon.colcon_core.shell:Creating package script '/home/ros2/Ros2Projects/oom_ws/src/install/py_pubsub/share/py_pubsub/package.zsh'
[1.029s] Level 1:colcon.colcon_core.environment:create_file_with_runtime_dependencies(/home/ros2/Ros2Projects/oom_ws/src/install/py_pubsub/share/colcon-core/packages/py_pubsub)
[1.032s] Level 1:colcon.colcon_core.environment:checking '/home/ros2/Ros2Projects/oom_ws/src/install/ros2_term_project' for CMake module files
[1.032s] DEBUG:colcon.colcon_core.event_handler.log_command:Invoked command in '/home/ros2/Ros2Projects/oom_ws/src/ros2_term_project' returned '0': PYTHONPATH=/home/ros2/Ros2Projects/oom_ws/src/install/ros2_term_project/lib/python3.8/site-packages:${PYTHONPATH} /usr/bin/python3 setup.py egg_info --egg-base ../build/ros2_term_project build --build-base /home/ros2/Ros2Projects/oom_ws/src/build/ros2_term_project/build install --prefix /home/ros2/Ros2Projects/oom_ws/src/install/ros2_term_project --record /home/ros2/Ros2Projects/oom_ws/src/build/ros2_term_project/install.log --single-version-externally-managed
[1.032s] Level 1:colcon.colcon_core.environment:checking '/home/ros2/Ros2Projects/oom_ws/src/install/ros2_term_project' for CMake config files
[1.033s] Level 1:colcon.colcon_core.environment:checking '/home/ros2/Ros2Projects/oom_ws/src/install/ros2_term_project/lib'
[1.033s] Level 1:colcon.colcon_core.environment:checking '/home/ros2/Ros2Projects/oom_ws/src/install/ros2_term_project/bin'
[1.033s] Level 1:colcon.colcon_core.environment:checking '/home/ros2/Ros2Projects/oom_ws/src/install/ros2_term_project/lib/pkgconfig/ros2_term_project.pc'
[1.033s] Level 1:colcon.colcon_core.environment:checking '/home/ros2/Ros2Projects/oom_ws/src/install/ros2_term_project/lib/python3.8/site-packages'
[1.033s] Level 1:colcon.colcon_core.shell:create_environment_hook('ros2_term_project', 'pythonpath')
[1.034s] INFO:colcon.colcon_core.shell:Creating environment hook '/home/ros2/Ros2Projects/oom_ws/src/install/ros2_term_project/share/ros2_term_project/hook/pythonpath.ps1'
[1.034s] INFO:colcon.colcon_core.shell:Creating environment descriptor '/home/ros2/Ros2Projects/oom_ws/src/install/ros2_term_project/share/ros2_term_project/hook/pythonpath.dsv'
[1.034s] INFO:colcon.colcon_core.shell:Creating environment hook '/home/ros2/Ros2Projects/oom_ws/src/install/ros2_term_project/share/ros2_term_project/hook/pythonpath.sh'
[1.035s] Level 1:colcon.colcon_core.environment:checking '/home/ros2/Ros2Projects/oom_ws/src/install/ros2_term_project/bin'
[1.035s] Level 1:colcon.colcon_core.environment:create_environment_scripts_only(ros2_term_project)
[1.035s] INFO:colcon.colcon_core.shell:Creating package script '/home/ros2/Ros2Projects/oom_ws/src/install/ros2_term_project/share/ros2_term_project/package.ps1'
[1.036s] INFO:colcon.colcon_core.shell:Creating package descriptor '/home/ros2/Ros2Projects/oom_ws/src/install/ros2_term_project/share/ros2_term_project/package.dsv'
[1.036s] INFO:colcon.colcon_core.shell:Creating package script '/home/ros2/Ros2Projects/oom_ws/src/install/ros2_term_project/share/ros2_term_project/package.sh'
[1.036s] INFO:colcon.colcon_core.shell:Creating package script '/home/ros2/Ros2Projects/oom_ws/src/install/ros2_term_project/share/ros2_term_project/package.bash'
[1.036s] INFO:colcon.colcon_core.shell:Creating package script '/home/ros2/Ros2Projects/oom_ws/src/install/ros2_term_project/share/ros2_term_project/package.zsh'
[1.036s] Level 1:colcon.colcon_core.environment:create_file_with_runtime_dependencies(/home/ros2/Ros2Projects/oom_ws/src/install/ros2_term_project/share/colcon-core/packages/ros2_term_project)
[1.092s] DEBUG:colcon.colcon_core.event_handler.log_command:Invoking command in '/home/ros2/Ros2Projects/oom_ws/src/py_custom_msg_test': AMENT_PREFIX_PATH=/home/ros2/Ros2Projects/oom_ws/src/install/custom_interface:${AMENT_PREFIX_PATH} CMAKE_PREFIX_PATH=/home/ros2/Ros2Projects/oom_ws/src/install/custom_interface LD_LIBRARY_PATH=/home/ros2/Ros2Projects/oom_ws/src/install/custom_interface/lib:${LD_LIBRARY_PATH} PYTHONPATH=/home/ros2/Ros2Projects/oom_ws/src/install/py_custom_msg_test/lib/python3.8/site-packages:/home/ros2/Ros2Projects/oom_ws/src/install/custom_interface/lib/python3.8/site-packages:${PYTHONPATH} /usr/bin/python3 setup.py egg_info --egg-base ../build/py_custom_msg_test build --build-base /home/ros2/Ros2Projects/oom_ws/src/build/py_custom_msg_test/build install --prefix /home/ros2/Ros2Projects/oom_ws/src/install/py_custom_msg_test --record /home/ros2/Ros2Projects/oom_ws/src/build/py_custom_msg_test/install.log --single-version-externally-managed
[1.273s] Level 1:colcon.colcon_core.environment:checking '/home/ros2/Ros2Projects/oom_ws/src/install/py_custom_msg_test' for CMake module files
[1.274s] DEBUG:colcon.colcon_core.event_handler.log_command:Invoked command in '/home/ros2/Ros2Projects/oom_ws/src/py_custom_msg_test' returned '0': AMENT_PREFIX_PATH=/home/ros2/Ros2Projects/oom_ws/src/install/custom_interface:${AMENT_PREFIX_PATH} CMAKE_PREFIX_PATH=/home/ros2/Ros2Projects/oom_ws/src/install/custom_interface LD_LIBRARY_PATH=/home/ros2/Ros2Projects/oom_ws/src/install/custom_interface/lib:${LD_LIBRARY_PATH} PYTHONPATH=/home/ros2/Ros2Projects/oom_ws/src/install/py_custom_msg_test/lib/python3.8/site-packages:/home/ros2/Ros2Projects/oom_ws/src/install/custom_interface/lib/python3.8/site-packages:${PYTHONPATH} /usr/bin/python3 setup.py egg_info --egg-base ../build/py_custom_msg_test build --build-base /home/ros2/Ros2Projects/oom_ws/src/build/py_custom_msg_test/build install --prefix /home/ros2/Ros2Projects/oom_ws/src/install/py_custom_msg_test --record /home/ros2/Ros2Projects/oom_ws/src/build/py_custom_msg_test/install.log --single-version-externally-managed
[1.274s] Level 1:colcon.colcon_core.environment:checking '/home/ros2/Ros2Projects/oom_ws/src/install/py_custom_msg_test' for CMake config files
[1.274s] Level 1:colcon.colcon_core.environment:checking '/home/ros2/Ros2Projects/oom_ws/src/install/py_custom_msg_test/lib'
[1.274s] Level 1:colcon.colcon_core.environment:checking '/home/ros2/Ros2Projects/oom_ws/src/install/py_custom_msg_test/bin'
[1.275s] Level 1:colcon.colcon_core.environment:checking '/home/ros2/Ros2Projects/oom_ws/src/install/py_custom_msg_test/lib/pkgconfig/py_custom_msg_test.pc'
[1.275s] Level 1:colcon.colcon_core.environment:checking '/home/ros2/Ros2Projects/oom_ws/src/install/py_custom_msg_test/lib/python3.8/site-packages'
[1.275s] Level 1:colcon.colcon_core.shell:create_environment_hook('py_custom_msg_test', 'pythonpath')
[1.276s] INFO:colcon.colcon_core.shell:Creating environment hook '/home/ros2/Ros2Projects/oom_ws/src/install/py_custom_msg_test/share/py_custom_msg_test/hook/pythonpath.ps1'
[1.276s] INFO:colcon.colcon_core.shell:Creating environment descriptor '/home/ros2/Ros2Projects/oom_ws/src/install/py_custom_msg_test/share/py_custom_msg_test/hook/pythonpath.dsv'
[1.276s] INFO:colcon.colcon_core.shell:Creating environment hook '/home/ros2/Ros2Projects/oom_ws/src/install/py_custom_msg_test/share/py_custom_msg_test/hook/pythonpath.sh'
[1.276s] Level 1:colcon.colcon_core.environment:checking '/home/ros2/Ros2Projects/oom_ws/src/install/py_custom_msg_test/bin'
[1.276s] Level 1:colcon.colcon_core.environment:create_environment_scripts_only(py_custom_msg_test)
[1.277s] INFO:colcon.colcon_core.shell:Creating package script '/home/ros2/Ros2Projects/oom_ws/src/install/py_custom_msg_test/share/py_custom_msg_test/package.ps1'
[1.278s] INFO:colcon.colcon_core.shell:Creating package descriptor '/home/ros2/Ros2Projects/oom_ws/src/install/py_custom_msg_test/share/py_custom_msg_test/package.dsv'
[1.278s] INFO:colcon.colcon_core.shell:Creating package script '/home/ros2/Ros2Projects/oom_ws/src/install/py_custom_msg_test/share/py_custom_msg_test/package.sh'
[1.278s] INFO:colcon.colcon_core.shell:Creating package script '/home/ros2/Ros2Projects/oom_ws/src/install/py_custom_msg_test/share/py_custom_msg_test/package.bash'
[1.278s] INFO:colcon.colcon_core.shell:Creating package script '/home/ros2/Ros2Projects/oom_ws/src/install/py_custom_msg_test/share/py_custom_msg_test/package.zsh'
[1.278s] Level 1:colcon.colcon_core.environment:create_file_with_runtime_dependencies(/home/ros2/Ros2Projects/oom_ws/src/install/py_custom_msg_test/share/colcon-core/packages/py_custom_msg_test)
[1.279s] DEBUG:colcon.colcon_parallel_executor.executor.parallel:closing loop
[1.279s] DEBUG:colcon.colcon_parallel_executor.executor.parallel:loop closed
[1.279s] DEBUG:colcon.colcon_parallel_executor.executor.parallel:run_until_complete finished with '0'
[1.279s] DEBUG:colcon.colcon_core.event_reactor:joining thread
[1.284s] INFO:colcon.colcon_core.plugin_system:Skipping extension 'colcon_notification.desktop_notification.notify_send': Could not find 'notify-send'
[1.284s] INFO:colcon.colcon_core.plugin_system:Skipping extension 'colcon_notification.desktop_notification.terminal_notifier': Not used on non-Darwin systems
[1.285s] INFO:colcon.colcon_core.plugin_system:Skipping extension 'colcon_notification.desktop_notification.win32': Not used on non-Windows systems
[1.285s] INFO:colcon.colcon_notification.desktop_notification:Sending desktop notification using 'notify2'
[1.353s] DEBUG:colcon.colcon_core.event_reactor:joined thread
[1.355s] INFO:colcon.colcon_core.shell:Creating prefix script '/home/ros2/Ros2Projects/oom_ws/src/install/local_setup.ps1'
[1.356s] INFO:colcon.colcon_core.shell:Creating prefix util module '/home/ros2/Ros2Projects/oom_ws/src/install/_local_setup_util_ps1.py'
[1.356s] INFO:colcon.colcon_core.shell:Creating prefix chain script '/home/ros2/Ros2Projects/oom_ws/src/install/setup.ps1'
[1.357s] INFO:colcon.colcon_core.shell:Creating prefix script '/home/ros2/Ros2Projects/oom_ws/src/install/local_setup.sh'
[1.357s] INFO:colcon.colcon_core.shell:Creating prefix util module '/home/ros2/Ros2Projects/oom_ws/src/install/_local_setup_util_sh.py'
[1.358s] INFO:colcon.colcon_core.shell:Creating prefix chain script '/home/ros2/Ros2Projects/oom_ws/src/install/setup.sh'
[1.358s] INFO:colcon.colcon_core.shell:Creating prefix script '/home/ros2/Ros2Projects/oom_ws/src/install/local_setup.bash'
[1.359s] INFO:colcon.colcon_core.shell:Creating prefix chain script '/home/ros2/Ros2Projects/oom_ws/src/install/setup.bash'
[1.359s] INFO:colcon.colcon_core.shell:Creating prefix script '/home/ros2/Ros2Projects/oom_ws/src/install/local_setup.zsh'
[1.360s] INFO:colcon.colcon_core.shell:Creating prefix chain script '/home/ros2/Ros2Projects/oom_ws/src/install/setup.zsh'
